[2025-11-08T18:58:32.513Z] [ERROR] FATAL ERROR: line is not defined
[2025-11-08T19:12:25.360Z] [ERROR] ERROR: Failed to trash file: .DS_Store (ID: 1gsbbXHUGwbvCuWIr2ZNU6tD73IlBt6GV). Reason: The user does not have sufficient permissions for this file.
[2025-11-08T19:12:41.095Z] [ERROR] ERROR: Failed to trash file: live-preview-potato-standing (1)0004 (1).png (ID: 1IojDzJf06KiRbIJWaI5TDJMAkiRy1qCy). Reason: The user does not have sufficient permissions for this file.
[2025-11-08T19:12:41.606Z] [ERROR] ERROR: Failed to trash file: live-preview-potato-standing (1)0003 (1).png (ID: 1-R5088egvYc17wlLQSEDQ_yYCWG6Lc04). Reason: The user does not have sufficient permissions for this file.
[2025-11-08T19:12:42.095Z] [ERROR] ERROR: Failed to trash file: live-preview-potato-standing (1)0002 (1).png (ID: 1uS0iaBc88ZmA_78HQMwXP9aqZp-GVv2m). Reason: The user does not have sufficient permissions for this file.
[2025-11-08T19:12:42.755Z] [ERROR] ERROR: Failed to trash file: live-preview-potato-standing (1)0001 (1).png (ID: 1no9_JVHDjItPsElfZIRgWokJNOaeTjry). Reason: The user does not have sufficient permissions for this file.
[2025-11-08T19:13:09.728Z] [ERROR] ERROR: Failed to trash file: README.md (ID: 1aCwRBn8X7DTVKZMEgvwDY-Jza3Ptfhsz). Reason: The user does not have sufficient permissions for this file.
[2025-11-08T19:13:10.307Z] [ERROR] ERROR: Failed to trash file: my_face_2.mtl (ID: 1POzVFNbEk-_hv-5XQ-ZR5KngxBuaVD8g). Reason: The user does not have sufficient permissions for this file.
[2025-11-08T19:13:10.658Z] [ERROR] ERROR: Failed to trash file: minimal_face.mtl (ID: 1_9kvvYUc3sL-PWRVpO1rXTrvw5lA-aql). Reason: The user does not have sufficient permissions for this file.
[2025-11-08T19:13:11.433Z] [ERROR] ERROR: Failed to trash file: gamewithclass.pde (ID: 11s4FozkuOs-dgG5CrQInAnyWP1-1KHnt). Reason: The user does not have sufficient permissions for this file.
[2025-11-08T19:13:12.445Z] [ERROR] ERROR: Failed to trash file: game over.png (ID: 1lhlJD0NnNeD8BLCQ_rPjh2pZrEqqpfzY). Reason: The user does not have sufficient permissions for this file.
[2025-11-08T19:13:13.276Z] [ERROR] ERROR: Failed to trash file: homework_3_lily.pde (ID: 18SP5PAaKd5wbuevfTG_m3xWrpma9bI3_). Reason: The user does not have sufficient permissions for this file.
[2025-11-08T19:19:37.670Z] [ERROR] ERROR: Failed to trash file: travel.PNG (ID: 0B7IZcp62EQxFTThTOXBTaTlMa0k). Reason: The user does not have sufficient permissions for this file.
[2025-11-08T19:19:39.757Z] [ERROR] ERROR: Failed to trash file: chikenn.jpg (ID: 0B_XzHWoEKhQiajgyR2UtMDI5dDg). Reason: The user does not have sufficient permissions for this file.
[2025-11-08T19:19:40.556Z] [ERROR] ERROR: Failed to trash file: chikenn.jpg (ID: 0B_XzHWoEKhQiaFVPZHZybFZuVHM). Reason: The user does not have sufficient permissions for this file.
[2025-11-08T19:19:41.758Z] [ERROR] ERROR: Failed to trash file: chikk02.png (ID: 0B_XzHWoEKhQicjRkWnYzdXZlS2c). Reason: The user does not have sufficient permissions for this file.
[2025-11-08T19:19:42.501Z] [ERROR] ERROR: Failed to trash file: chikk02.png (ID: 0B_XzHWoEKhQiNnBPVjFrOFNVT28). Reason: The user does not have sufficient permissions for this file.
[2025-11-08T19:19:43.704Z] [ERROR] ERROR: Failed to trash file: chikk01.png (ID: 0B_XzHWoEKhQiR0NGZGdMSWZPYnc). Reason: The user does not have sufficient permissions for this file.
[2025-11-08T19:19:44.482Z] [ERROR] ERROR: Failed to trash file: chikk01.png (ID: 0B_XzHWoEKhQiM1hUMTU3ZnRmYUU). Reason: The user does not have sufficient permissions for this file.
[2025-11-08T19:19:45.842Z] [ERROR] ERROR: Failed to trash file: chik01.png (ID: 0B_XzHWoEKhQiOHM2S1RuUE1OZHM). Reason: The user does not have sufficient permissions for this file.
[2025-11-08T19:19:46.492Z] [ERROR] ERROR: Failed to trash file: chik01.png (ID: 0B_XzHWoEKhQiNWt1a3IwMVEzdDg). Reason: The user does not have sufficient permissions for this file.
[2025-11-08T19:19:47.303Z] [ERROR] ERROR: Failed to trash file: chiken_07_mouse_xy.pde (ID: 0B_XzHWoEKhQiOGk0bzdTbHlyems). Reason: The user does not have sufficient permissions for this file.
[2025-11-08T19:19:49.302Z] [ERROR] ERROR: Failed to trash file: sketch_161110a.pde (ID: 0B7IZcp62EQxFeDV0SDFNNGNNUnM). Reason: The user does not have sufficient permissions for this file.
[2025-11-08T19:45:21.690Z] [ERROR] ERROR: Failed to trash file: .DS_Store (ID: 1gsbbXHUGwbvCuWIr2ZNU6tD73IlBt6GV). Reason: The user does not have sufficient permissions for this file.
[2025-11-08T19:45:36.426Z] [ERROR] ERROR: Failed to trash file: live-preview-potato-standing (1)0004 (1).png (ID: 1IojDzJf06KiRbIJWaI5TDJMAkiRy1qCy). Reason: The user does not have sufficient permissions for this file.
[2025-11-08T19:45:37.030Z] [ERROR] ERROR: Failed to trash file: live-preview-potato-standing (1)0003 (1).png (ID: 1-R5088egvYc17wlLQSEDQ_yYCWG6Lc04). Reason: The user does not have sufficient permissions for this file.
[2025-11-08T19:45:37.513Z] [ERROR] ERROR: Failed to trash file: live-preview-potato-standing (1)0002 (1).png (ID: 1uS0iaBc88ZmA_78HQMwXP9aqZp-GVv2m). Reason: The user does not have sufficient permissions for this file.
[2025-11-08T19:45:38.055Z] [ERROR] ERROR: Failed to trash file: live-preview-potato-standing (1)0001 (1).png (ID: 1no9_JVHDjItPsElfZIRgWokJNOaeTjry). Reason: The user does not have sufficient permissions for this file.
[2025-11-08T19:46:04.371Z] [ERROR] ERROR: Failed to trash file: README.md (ID: 1aCwRBn8X7DTVKZMEgvwDY-Jza3Ptfhsz). Reason: The user does not have sufficient permissions for this file.
[2025-11-08T19:46:04.987Z] [ERROR] ERROR: Failed to trash file: my_face_2.mtl (ID: 1POzVFNbEk-_hv-5XQ-ZR5KngxBuaVD8g). Reason: The user does not have sufficient permissions for this file.
[2025-11-08T19:46:05.694Z] [ERROR] ERROR: Failed to trash file: minimal_face.mtl (ID: 1_9kvvYUc3sL-PWRVpO1rXTrvw5lA-aql). Reason: The user does not have sufficient permissions for this file.
[2025-11-08T19:46:06.319Z] [ERROR] ERROR: Failed to trash file: gamewithclass.pde (ID: 11s4FozkuOs-dgG5CrQInAnyWP1-1KHnt). Reason: The user does not have sufficient permissions for this file.
[2025-11-08T19:46:07.640Z] [ERROR] ERROR: Failed to trash file: game over.png (ID: 1lhlJD0NnNeD8BLCQ_rPjh2pZrEqqpfzY). Reason: The user does not have sufficient permissions for this file.
[2025-11-08T19:46:08.369Z] [ERROR] ERROR: Failed to trash file: homework_3_lily.pde (ID: 18SP5PAaKd5wbuevfTG_m3xWrpma9bI3_). Reason: The user does not have sufficient permissions for this file.
[2025-11-08T20:05:09.458Z] [ERROR] ERROR: Failed to trash file: libgstaudioresample.dll (ID: 0B5ajqFwNbdAAZUZ3WDBqUWFwanc). Reason: request to https://www.googleapis.com/drive/v3/files/0B5ajqFwNbdAAZUZ3WDBqUWFwanc?fields=id%2C%20trashed failed, reason: read ECONNRESET
[2025-11-08T20:21:35.240Z] [ERROR] ERROR: Failed to trash file: libxvidcore.dylib (ID: 0B5ajqFwNbdAAcnVrNE9Yd092bDA). Reason: request to https://www.googleapis.com/drive/v3/files/0B5ajqFwNbdAAcnVrNE9Yd092bDA?fields=id%2C%20trashed failed, reason: read ECONNRESET
[2025-11-08T20:37:40.245Z] [ERROR] ERROR: Failed to trash file: libogg.dylib (ID: 0B5ajqFwNbdAAZXRyVEpkbDU2cWM). Reason: request to https://www.googleapis.com/drive/v3/files/0B5ajqFwNbdAAZXRyVEpkbDU2cWM?fields=id%2C%20trashed failed, reason: read ECONNRESET
[2025-11-08T20:41:37.943Z] [ERROR] ERROR: Failed to trash file: travel.PNG (ID: 0B7IZcp62EQxFTThTOXBTaTlMa0k). Reason: The user does not have sufficient permissions for this file.
[2025-11-08T20:41:39.723Z] [ERROR] ERROR: Failed to trash file: chikenn.jpg (ID: 0B_XzHWoEKhQiajgyR2UtMDI5dDg). Reason: The user does not have sufficient permissions for this file.
[2025-11-08T20:41:40.647Z] [ERROR] ERROR: Failed to trash file: chikenn.jpg (ID: 0B_XzHWoEKhQiaFVPZHZybFZuVHM). Reason: The user does not have sufficient permissions for this file.
[2025-11-08T20:41:41.638Z] [ERROR] ERROR: Failed to trash file: chikk02.png (ID: 0B_XzHWoEKhQicjRkWnYzdXZlS2c). Reason: The user does not have sufficient permissions for this file.
[2025-11-08T20:41:42.302Z] [ERROR] ERROR: Failed to trash file: chikk02.png (ID: 0B_XzHWoEKhQiNnBPVjFrOFNVT28). Reason: The user does not have sufficient permissions for this file.
[2025-11-08T20:41:43.361Z] [ERROR] ERROR: Failed to trash file: chikk01.png (ID: 0B_XzHWoEKhQiR0NGZGdMSWZPYnc). Reason: The user does not have sufficient permissions for this file.
[2025-11-08T20:41:44.390Z] [ERROR] ERROR: Failed to trash file: chikk01.png (ID: 0B_XzHWoEKhQiM1hUMTU3ZnRmYUU). Reason: The user does not have sufficient permissions for this file.
[2025-11-08T20:41:45.664Z] [ERROR] ERROR: Failed to trash file: chik01.png (ID: 0B_XzHWoEKhQiOHM2S1RuUE1OZHM). Reason: The user does not have sufficient permissions for this file.
[2025-11-08T20:41:46.304Z] [ERROR] ERROR: Failed to trash file: chik01.png (ID: 0B_XzHWoEKhQiNWt1a3IwMVEzdDg). Reason: The user does not have sufficient permissions for this file.
[2025-11-08T20:41:47.001Z] [ERROR] ERROR: Failed to trash file: chiken_07_mouse_xy.pde (ID: 0B_XzHWoEKhQiOGk0bzdTbHlyems). Reason: The user does not have sufficient permissions for this file.
[2025-11-08T20:41:48.741Z] [ERROR] ERROR: Failed to trash file: sketch_161110a.pde (ID: 0B7IZcp62EQxFeDV0SDFNNGNNUnM). Reason: The user does not have sufficient permissions for this file.
