1syIcDw2buli3yWwtjOzwux4Tl-WU4xUB
1zn7SswiG5NI-19Dx--LTJ7GAyCfd5Ywv
1ws6N5fI-P-T8Ol0B4xZYPP0MK89j4Trf
1ceCGyT5HHY94uwJ0fNqYsPNh6QUvl2uV
1To_0BrGkS1ud_xkpNw8SkbgwSErWYrv_
15CfJ7Yr4y33yHiTcHd4A63rBuaXRbf8Q
0B5ajqFwNbdAAaG5nYzJyS01JZ2c
1LJQ2WkWL9rkVKoljd9N3GAQLKfhk8S5w
1xeDUdopeTDAgm-4M_XcM3NQpvMyWjBc_
1OUp--yny9mGeT0Fu5YWBHteKojmBTyVG
16s_4VUOM-Q1qklz-yXkVJzuUf5MTAzn3
1_RU7Fb3xe-saWO4HB91-Apf3fPHMb6XR
1FVu6XyAfatoepMEDDFuIHCZETmfBKxao
1Tj1jr7f5LrsKgDg9jNKjc2guK9PEGAja
1RwpcGvGZXmqudLvytBkiIGB-R4irrR2G
1leOo9-344MrIUA2Ww7ANKmJtM_8uTAsA
1DdsVanNUNpRNmBbwM61lyBCvqjovXKQ5
1F6MLUMKa48lE5_Bv-knYNXeKhxrpLgPC
1fcK3fLl6soJTHxDzpDAVft0Wz6yBnH-M
1EJA39S6LQ88uKghzj0_lwST8gU8lfBLB
1Urwyn7yKAR-2oBzXK_FmWaAwkXkhLSjX
1n4Bu83SByh5Emeoqs6Nr5zT3A8Ck7pn_
1Ka204YKkKEdXAiJbHjje9jPoEDLBZUwU
1QwmV2E3zBxwQ6buToBM59ucXJKRrecGg
1I_IQPZR-mrR71dpJQwv03MUDmXtrRQHu
1taJNjiaXkEAysYStLjUrfRo4ld87pCk-
1ABE5RpS-lPidZNovz22IJQSTGCvOcyF-
1WUxFLrMxg8t59kyJp9O2B0e4CZtSljS9
1Dq4RbZQjUK-i6IZavZQPuxnXT-lkd870
1IbPcZ7AnJpbk7Y5FRIkMu6TIRl4gwTDB
12I5kzBPhPv_bgQEaL4bu0SBXW3YgOCPa
1U_Yl_8InUGDKc7Jte1_d_MuBvMZ5n7WX
1JdanTYyT8uVKoRgr1dzzIh5USDqMMvyh
1Zh8xCONnqodsJHSQmdwQycEgpYLQKwAO
1edFcs34xNsjYEfQWjrkDKRcxniIaoMWr
1ADl2V7hQETLzubjyGF5fDEPWWp7lzKRZ
1pscjmCoqfeee6FQFr2DxOlIjV8BiRt_T
1i3xdWkhJk6Rhd786HcfMFfcE3Q5PU4i0
1NSP0NPxvZ1PCGv8gm6s11ZHeSyYnBzeY
1e3EeKGZdHSIdWKilO265dWRtXmL2aBmb
1fi03Dbi7jn3AEENqcg425rB17hHe7hc5
1KTqrNLZ1jhXhtsroaQfILlf7i1ylgcLI
1mjoac1WgE7FviM2b61izUX02T_Eldix8
1Wc7aUKKUMnDICDVlBlPFPD5tgFiVnPkh
1qAzBEtSzRjjZ84uVJl8cnXbWiCcbyjD4
1KIVu1jg-rgYdmYI7PERooXWRFBj9doOz
1IeSYXdBKS1QL7QeausNci2pjG3IM3YpN
1X3Y_hU9I5GUSNWUQOBYHUHDoW8463Mjg
1r71XCqNDAq5xP3f4Ae7DJyiNRCU01dGU
1e3mOFvImdZ_BOXoqHdL1uBCq5BXj48GO
1kybOshxio-BOeyWLIhqGZFjbjwQWUXoV
165hxO9VS-71kAqud1F0PI95V4znCy8b5
1g8qk_xpANK1tccahF6bTaOi-3r5vKBlj
1kdgntiBkNKNLV6I2TVX-xL1kFp6pDQgV
1RXmOHdiCYUOuSNHFRYNaUztl3c1UxR8K
15FnCSRQYvg3o5joueFnm9MX2TO01Ry1B
1DtO3iqTWqfNF-GHFloDR0Vcrl0-pBNbm
1CjkVyJgdxBTuFLmNePdDpavGQ6xnxMpn
10Cq30NjZaWrW2awp16XR1xIFOW14hfzr
1P-r1bqFNxJu7ivOetVHzMxyZ2HP3-cVL
1chKaltQRX1aWu1hFeGFvA1-v-3bv81BU
1AkzvGHFTXlzw6h1mYdQBy_Lj6JYB0UOW
1SndW_REFsoUaWwBcazt_cC24TEYg4h4A
1cf2i1NUl-ZGVdXNQE4Y54wCsUeswmwlF
10T46IW3XRF3j8o96WhxdDD_2DJK6GiEL
1jZTv0Px7NVL2rPQ_kDVEqj2_Zt10sWEf
1nEl50Q_pqGq4gfj_9ICImmcvxFsyFiKD
13FBv9oiCCWr00pan4Bn1Fj5ym8Q-lzD5
1kOjU8fWsC0l8Ey4zFgpPDeSgNshBZmUO
14tgkeMzDRHU8xCwhYNgR5sqp4dOaRdLs
1VppDQCd4iXI7xt-qiIFJpXX0Gtk4-Umr
1znVXh0hZp_KS-96qorwSsCarCChidPpB
13tHZuMyGB5Lm3oZ7VWjO_mYlfG-NnmLV
1cx60JQYMKp-MUhs6VTsdL4qlZsrBa_rD
1SCij68gE6DmfGGPc-CWfzkbvqJP_5eX-
19O8DSKAl_W-6TYQGt8wYlIlfjBI23Sdc
1K63AABT0KDFYw2lOqrP7GrhxwgFndWg3
1-TPrQ3VybzjarerIK5-Edp50S03Rh071
13T9Wg4FTnALQ6tSWZdFxlqrAUN7ltYd7
1G5Kv5DPQamz7FshduA0WvS2o5c2ECGfh
1xGrlDpi1h9yn0Pygyf5qhFTudQ9Tny_S
1wC4QYqxH0_j_DlR5ogJkYuJThXLPOJXS
1yU9m-kvddyfjvyO4oUQLKvOEiDkqzfnm
1hLA8DV2_cJ_A2aDI63LZyJ52AB4ffCRa
1FSUcFvdF2ZK2u8vFwHFEXBN_6kTcmrVp
1GIOvi-FdGGSkfhAvFtfzdWKN6A2v3PKJ
1nZ4h3XYvDrwZia-j3-n4C_mWnNyIZLQe
1E6uu3O2_B7eHqBX9mGb6MwpPjyeHqiW4
1T9WcPIUydLdbGhsfjfgnOYbuvUvgOQy9
17Y0khL745HpPGRBCmyhBN0QKJOkTWvub
1TDw7tb5VpJJhub-R-ob1EqR17k9I5dBP
1ZDaDRZAzUk9Nzii-M7t_qvWUthxmyumm
1K9il0uCPkP26tZuXzt5DyMjSDju-Rr2q
1NZL38MpwjpuOOt7x6JmwdT6y2HrMtJqB
1ZikPhsRV6PHGk_wR9AZ0QimtT99cDcil
1UNzHnEAAbyuUGw33Q9rjXbEcBjkJm6Dm
1S37iwZkbE9dPKeo8ZBcLbS5PvQjzRgQh
1VWpV0Txkt_MAZcp50Ajjf9cu_hHrSi-j
12f6t3gUQEH5khXV5Aq4cMBRmy8B39vB8
1Y9r2wauNE5xMLm4JQiFhD9BT3EmgvmJN
1tjDsmpf-D5nq9bNGrtM2L3dBNSat3ENt
1JodiEHZSsEeIf_EsOaehe2q-Aflw7Rc3
1iUeNYJerf2OYbPvnbVyTDxqEEG9_FCX-
1VRMGLV3dYHPOayM7jlozfbqEcPLf2Vwd
16PQdROyBUwKF0kU-u7xw3GPJEnBVlBlm
1nxgndxQuYY0nhfexE76qVBwG8g7o-7gJ
1BFIMvmKgLO7acWGXy70s0eJVq0Ym_Rct
1JC2D7_S4dCK7D_kuXPPcVo8kVmJeSeXo
15-trcpehaJGrTg7uaH140c45k-kzGHtW
1selyMEIzQBetfH92OgOIEhixQh2tJQCM
1S_vwo9ONQ12-FNF08m03jeb2cWNvi9dm
1uOu4ndjdSbsh7fGVciR6b6p5gDPa3PfR
1yXRuRi91JI2fkqO-4erc0izkh-wXaqlX
1BYgi71_CG795KweWwopdtRRA0V0u5zDK
1IjWBAQpH9YEBzrUAuSc4hSevciTYo9g3
1kjrspKpqL4G1R4XPYcmRl7JNjaq8zAf3
1C-smJ7zs-G6SgJme1lG-3TRwft-cieYP
10ofvLJH6SIQmpF7VlDCRfP1sOr13X1J7
1DGMYTjMbbIB07VO1XNEpPpZrsD0YTwdy
14Ux0t7ioDW1AA3tcb3qAmFZOI_SqCgom
1dfI4XVE47-mQDdyqHEuIJ_ZgWxO0n_mf
1uW2h9PeAmjtowGr2S2E24LjtycFc_9VF
1KtCQ8DxHyn8r8q-MYmT6C_w4_VSrdjdH
1yI1J9mFxA9mIAgtcXztLp9zaXvp7tQyH
1VL5fZGsEXAcQ170Z1LGkb81rqrLzFSqz
1h-j2wQF-jWIfabU8bdl2PP-9-yTJjOnp
1lOsmMk896dcJZD0t7Dpr4EXfIvw7yn6B
1XQJSemtHAynS3wXDw9XknyuH2jNfjc64
1FGHnNx_6eVHDM1_CL58gvhAAOwpgXVxv
1ez2mIWdOu6_KXXzLYe_2haXDdcIfHdDq
1k-HIfNJKhLUqfHdBEc-1cVj_JLhmklDD
1whdAOlIdVXdf46qN8ESpYJQbpZGnI4rv
1-5EI5rxXK48PBn3J8dSIl8iuODDqAstz
1hE0ec24cUA7jZV_pt_4SDOrBTE-knyU_
1xET_MSIqLSmqm1jm9xHK65G-MYDQwAFq
1o64EY84ETLWdGXDSgX1bN4oI8eLxCYRo
1mvuQLMeLCgUgn3oaCbHGgSp0HTQZlFF7
1PjxP4oddnFYMZDFSblSPbPmzfoV_QzA6
1iUig29F-FUNtFFvvogsfegSZkwzz-CHL
1PIRpJV-yrtqQzFWFLNwNzxAUc_vfBD43
14KN3QGxn8B3XS_f4h8vuTLNitwiUJals
1lknMhOBR-df0SNixQqIE62Jma5sHFqHp
1GrzBOqKE6SKxCAcTY-PYX_rOWFjwfh9T
12rBo6N0BEi37pXZML9wdFqL4uZnbf11_
1icz0wp1ndWABj5GGyZUHOXz79lgu7W_A
1axbkM6hv99iIscEoZMc2qZ_JnoDjxGTb
10nIsSjrmlwAap4czc0eWl_NexE5DKrrn
1hLeY5uK3nztq0InvsnfwwREkQL_JbCM4
1ptRFG3NKg_TK-R8ggxMoFl3gGH-dr98S
1E4ggAnHbhV3GDyVE7BhhQDkwujop60JO
1NH0s2s2w7Y2-L3gK5f-mgukAyDgCaSR6
1L1iIK8FGl7vFVTcQbioxR_fR7-GrULnl
1xKb04OrMpiZt5nOTr4bLur5Y8BSD5qrD
1u9JjxInIkfFXW5dSf3QyeGCM69j8dfE3
1WCX7zhgA36pQv9ElL8aqaLk_88ACnJ4F
11K6BVjJNuLwkGG1yeLcNLBo3fWwLfYy7
12nzl9nvxgJ3JZjNmalvXMDtbticvQQwT
1FjgMdXBjDfAmuYqmqC4qWwYENEIlD6JO
1m4u95alhyJsoOLseYFZU8-_JVClq6Qty
1QifCwXLaarO8r8MpZSrQwHs9Tt1IMDHN
1KYUQqvPFgaOnBPMMzNA7Lr-aD_Jz3ct4
1-2E_Mf7eSfDUfftU237xaQQp83hustRj
1ur6sWnCKr8bax6gGTMH6Y-TC6-yd2mhf
1FsG3JI5BHZHpou1F5hIQAD0HrHG8XE3y
1pdd5wnWZNGsL_XLAokSlE_chYsgdBDe5
1upyYiz2TgSdWltXBdEmuU6s0eYOS5Jfm
1AFPlZXM6DYUKa9eNjjkVnNgk6Ku0VDOf
1V_mgRjo8-I6xM_YjvnSG5eJa_krn2CRu
1fpTSwfeAMOstBLZKxjsMS_BrAXREs5K1
14ORJ1dq1EIMqLYAmQj7-CPho1hitGIDc
13K3fhj8uUzMs4xXHnmgq0p4-VR1edJ1e
1Q7zTkXZeYOMXgGFzWUr9gwlYMTkQgQVt
12RegjWxVyrghtjJpZDnMgi0cWjFUWuct
1Tc_9jfa9L8NgYGgemEP7tvzDAYGHwg1s
15AJoDWNQppn7Y-JjrHUQ2XNKw8KbRtrS
1V8p3wlyvjW5iOa_TJZyQjqd0j10FEVwX
1WMKLKZi45N2B4ykss3Ra7iNvYVrv8E8-
1lAK0QGSEP4zdbFz5dg1LEgfaUfZNE78B
19upygM_hddzMXTAJkgdpBsajqXtM2lDR
1eph5PG9MPkiBu6ZylP-ZzAoGiyBAbAMX
18TwK7MSRbzqSi6klVn03t24YKpUirpsz
1wTt1HKYXwPIKsrXvtJ3P9bOdHGoEsA5x
1-jRyW4ovVeVroBcevfmfxwM_XS1AoFxW
1EFw0RMeFXr30W4gCAojO6rx8cP2LcNR_
1m455kYiwYYHZLqDA3P92RriINkGylUpL
15n2B80X_tbez9y93JfFGb263tIpfUohZ
1RWQyTBrvqDyJS2PTBZjWK_7Vy2RaPktb
1oARQIjGzXbP5u6UAnH1796Ved63tsiAL
1_KGuvaHiOWDf9v7AXTFk8KBCFxQrMomW
15NsQH0ypMzDp5nvs6Za_Rw-Se8iMkSHL
1LLg2oPOTdAVdS7yQ9qsw5L2p6jg2otmr
1nUs3i3XQQ5giLSDQnzlx3pHnFMHKaqev
1l6hSG6MEdpTJ0j251YQhM48J9BynVm-P
11FFc4dqhNX0KkBgsrNzsMeef3iD7oZRC
1NbipR9_Gv-Jjrpmq14DLViEYrJnAoMTN
1Dse3p3hfJfCu8JA4jVwoY3RADk_JvsqV
1vQZdDF2TOGz-JGN9AVvwzAhSNoLrgPQ_
1_jFy6wAGaGnHbqgYtuEaVY1OUfGBvEv6
1-DFjZnmGbQrtbN-GYW5IZS-jB6divnHN
1SQFnZEi_w8bOV71HKlyicWn13eLLC3_L
1h7ZSjLnWQ5eFQKEPeyWy-unRKxCOdlzs
1Nm9Xvgl9_RkNhO6_2YU_fyVTfDpftRDp
18CeSM1wNXUIHGwE51NibTUdvvI9JRhvj
1fkDQC2PSeQupdaRltUW2qBz7QLR8vaUZ
1KNV7SSIwSfX-dnnctOl1iwqdAAowy90J
18IdgVkl-k7-52f7IsCEISUefjnCehDWi
13Do7oteOioX2QlshM0RULYmvZk-JSVeR
10L_jGK_GUDo6JRMgLjToGQsQccqmbjeV
1d7hzR1qjua8LKpbujuzJSo2jSVIgRvC6
1f1ht3nVAPEbhq4I8KBvotrto0UGfBOQD
1JqbPOISBYZvVhnCSWzXTRkn9ZAd7AM86
1EXIqP7DzNxEiJHDxafP1ESZ_bgiDhIq-
18vtSrRPPbXtk9m-ybGdlVBA3VBx24PYG
1Qh57DhMIy1ulrUIkSEwD8afIPj8uFnAh
1XNWfLBW06lmljSvpoc6q1Cc2JyncPgjo
1uOz2nDrHpm2WAZzi4ZUzepkeKBqfWR2L
1Xi7Pn8zWtzThxk1e5dKngm_KimDFFouc
1O0fYdeXeeJefL2NxOl8A25ejbH_SUm-8
16wP45TH2z5h6eOfCMc-6EIpfIk1cg72W
1y8gQDj69KxjWQ0tNR8rkyYERlpJ1EKlK
1QNThCIewBahCs-iOQK5kV-Wa546RrETD
1lK8RELqOuqtCBFYeydA2_ni51_Ukri0i
14KGXPXt-Ws6aYLo4XtTwa1nE98OCBtbs
1JC3VVJUxJ70IwrPU9Z1uEcfiDguuwwjN
1qq-0QV9j2RqRsF-ngKkmJoNMB1jOH7zZ
1WlbtxZaMLRkh_eHeEcUB-CP0W3TOT36i
1qTeJDa-qwUCahmqUxQySmrOYi_klOpO3
1Z0V2SHE7jVvOfsLUuFqAstcZOfHj5P4f
1HALTMr_wVHLAstmq6yzRaw0LYQ847o-1
1QD6QdzpB8OrWJanbQgGPSRW5ySWxek3X
1ejkqO9wZ_7p1dlk9HXSFk6ZlXQYUyNyk
17rEtlIJLAEIjVcwf-zYSxWIbTRPPqKJJ
1kRhMtWIPJdKeiK_Hy2gHqXfVOPfJrczX
1Db0ebplJ6XzW0tfbG6YY25hRFtbqB9Gp
14IMPVGBLjTWNxUtrsXTy2g6OwW6pZFVC
175k9KCedwg09TkJLlpZtZA3LDBWKnlI6
1pLk5Rt_pF4lif5vDJvenXQ5rjbG_TVze
1KdFTIVEbsSvyok-l0SbsK2sPuzK672h0
1nTC4Wd9XB0CSNdyOn9nHZGsEatqdmVC0
1NQnpeki6a52GTeX44zWwRrAsX2XnEuQr
1oYqMNrBAV-b9BFElQlKd-RzZQqtzPPJw
1AAfdIwMdjIHvT9uf81WiwyKzO2fT8tBl
1MVKHoItxBbZB5gULTc8yBvzkyk9YwLd-
1RMfLyPY2nXj-MeQr15jRqfeF1UDL-XPB
1kX5di316R_G__-RZc3BHsbNPf5ZCuXUk
1xxVuUaW6ovrvOVGvEFfqPX4WYqqbFQYI
13IKyQSfV4AiOKLOrOR6FuF4b69FnVJ-w
1uI6xv2g9g75n4X528q--NepQGTvWJ4Tz
1FqtF2ew2rz_HUn1Mbl7f6JeozH7sWxBS
1iaa2Vl_JuTVlJLfKO9yYpRyY421KoScs
1CMXAybQg0Akdq1UoAMmh6fuyqDiiVt6e
1jaRu_mwCFDp6PLko2sv_mDwEt5Krgb4_
1y6GO6LEHC7ksLQag1vlt2eJQ8KbpYnZw
1QXL5B4g4NNaJRkiNLYZ8m8iGUU7kSlV1
1gDVXeujlZ0JZdWo6IJZvjmmv3wDHcRFZ
1mLIVDDDllMCE6hbEZuWmCD0nVy_U-hzR
1OAdUVBskemXe5dmbu1xEfhX7Fnv0AYIp
1hL52MGy620-CsOljkw7F-i2X_gIM8rUI
15KZjNdzaib16rQXlscY0YTxJb1g6pi2n
1B4wYpkyG3-jhPlceR72vrRDtoSW-0LgM
1A1qTo2TGrxWOP2TRoPhjCLH8cyYZk5l_
1BbAntQyFVwRkU0s6xCX7k1expeX9OhgG
1Pb8_JLpFiX2LJZUsR1lbVLH-ZX7EXvf0
1uo390pfgeRLS9wfrriTgPHWFy6_SH0dk
1oNgbn9225AXt0rWRubxCSbCm0dJXMK6D
18Cife_7LZd3Q1KMPNW09K2tmm4WDhXNr
16WnCV78LaMjyNlv3TE-_RdA4UhYjbRgj
1tR0J7LttantpzEZx2eLiH-NSyLHbS1a6
1bHFrkVcFhuizHnqqVvwpSXBVcVp9jqPW
1fNFjoYZ1EUCbxShY3xdbyW3gfo_iNRSD
1PKXTMnotbrVqRculA00Gb4KaRkywe7gR
1SQCyigP9dgY_G_Vbp-w1zQ2NciCmI2_o
1mqRiM2GoXbVP70Za1mvpu2FrLeAcnuaG
1LNnhxg_tV1TBK0jly1baGzFuLkFxHGnK
1XaokRah-a8dMpssJVQ-9DHuL5PPGHIak
1iH25L0-zOV-ZHsGbe1FdYic3k0sNy9kg
1utIfeMu-jdhsUllTMv7Krf0RnK20W-cV
1k1arPekLFCoUqkc_IGoCmzTPLguTMRNT
16GeQAN6rIk81SRMG4vfaqtO4aFnc_xJ6
1tOHx9eg7GWDcez6DJWevGSfiN4UJZTTh
1zhJ_hTl4pYI67Un0u3ZGOoNC5isFQhxW
1xts3vt75Y3NzmwB1A-b9p_-wpoqJkQbD
1Ht-Z4DBzYn_xJpqEBp0L5XDgfzVJL3aQ
1fV4WG2njVbgxsN8gzeBdt1nWq_r19Qyw
1Vd48W1SJnu2A-duenBJhi3JOF-YMkodo
1DyeACv2cfbHmtYYkbGP17i_shqd9hqwr
1PwoTakCafan7YSAVLctDlQ5WZ7CwyMCi
1XM0QEr_5DYKcLdmTiO9zXsGOe9Yzcswk
1D8PW-dWRNFgpQmN7H3C1SNjWxxKdWdL_
1ohiUN5Gvf_TIP7gg2utz5IohB3h8fjik
1aetFI7UBq2sWHKjVKRa3qL6lSrxQvtBf
11VeoMc86B2DSJBiUr9GU1i4lU3NgThF9
11b2StQQ_Ut05_b6Pg-oxgPCzhn9fTOGT
1t9AbCLglUKQfj-ByuCQtNdJdVxIRGmhO
1wTDoFltd3f8Yjeck2W3-v-B8Ffmj-ZnV
15nglD7YeGcJGODDzpv6GCjD-2z9KaILa
1nAx7FkvqmdOkEwEDV9D9UeM5AhXxWyOj
1qP8Wcvuvq0OXMlFM3O3rkUxkHMqd6CP7
12KCP6wFV3Fi9JPvvdonrNi16tJA2BrJ9
0B5ajqFwNbdAAUUgwYm9rSEJGS0U
0B5ajqFwNbdAAekI2bnBuVW96R2c
0B5ajqFwNbdAAYk9yUldNeUhqLUE
0B5ajqFwNbdAAd1lXZU5QSkhSTjQ
1ENZj8Ee6uQTiA93saWqMI3fLeWNksf9n
19L1x-oyLXOCNhGk4ofILvjGKuhfsOPKD
1hvE_DYLgOjMnqBNReUHz7a672qeq1xtJ
1Sb8fxEoUHuG0nVmaqJ0cUVrjAETZdm6L
1JYt6ZGXLU7VKV5u-YtVYQZljyjqRu-cS
1bo5EtKe2Yky_a7t8DReeGUl81NWOJmZ3
1btF3Qyg4Wf90J-gVlFuMI2fIs-9n9nsb
1QpWJocUT1-SpxUq7tdO3s_5naZi5FDHg
1z6CO5RZWwfam8T09O9Sh87VaeYrIWPNI
1ird85PNxTj-UqcYJGVAzSPPffHctNGWr
1JWZbD4JRcJ61zWR9l-s0pK1uj91VAuHa
1ok5ZquQCyYOyFgvLjo35ZYW89lqBJhlt
1qk3HsuwBqylib50UDdQYWkM6RE7lKC8Q
15bzBterIThqp0cq-mwjHRJ7TKJ6qOEiN
1R4pb4jshdQRReSX49Sn46aAPH0mQkbIk
15-12rDB5HxdEF-GHx40-Cw_STSyQ3raC
1twMH4JYRrRfOX6mSl5-XZDydAVK5sUQe
1pDo-4URJa7pHlfzJjZcZyIon3B2LI87P
1_OFnfUNeyP91A4LVPDIlGtp-OQ33SqYB
1LIjArLvgOMu8iUuamVCJU0yxuLP51qJs
1lNHAvL1jYSU1wMoC5s0duyq5bJlGnNJx
1iV0bGSeap__boKaZgLllsKasxbbCngwl
1rkqn2DrnkGwKpKRuH1g5RBnsjczK4_KZ
1BriBeQrR1LqtGVImWG8aVmXJRdU9AmEv
1K904DoKb3A78MlC2tBQGH0lC8Fd0wc2q
1cgVfucGzSTQGBSUQJ9xI_Z45JDXGtRSA
1hIU78ARxaZcT6hX3o5gfiQLggJ2QNv5x
1_p_sv-H_zBAfiLI4f5kHBFp_f7kuZw6p
1Tx0laacPeX3ZkbG6yAKRgMxar5Yfhxkr
1NiNl5VcM8cAUJu2U07wnDejviZ9sgyIM
1Ojv2nsYCupXtROr9dfariW91usDN9U8-
1DJ0VstgSiaZlIwYRcI4eFWSZB3n6bqnl
1kfsh0CfdCkERUe7kTZdq7zmlLs2zGeZe
17hwMhoQcb81dIUNDw4Xe1hdU_1BGPZ60
15KuBvfavrDwz0KVDSRVmFbv1IBEvPWzd
1IcpjEf6Jjk5U2HG7y6weOgTmxyBwJL-P
1k-eveZAD2xP4Q7jrz9QpuGU2O4UVXvGg
1Q6tLW5ijFMEFY_Cn8KKRJh_tNBqOsEwF
1hxsBciBXLzRBwhj91AQ9O6O0-E2OK246
1zuA_AdViaFEz8RnNhO4VaNs_q8ARFP-J
1s7tlfVZsWw80O6hI9JOEHuRfCwKX5539
11V6PwoeD7Mw9vCvbRCsfg1z-df0iMTxf
1-Tx1j-5hPa6HB9ewfoAYeWy2UgTVp69e
1iHEp_cXTOQqVK5g2vitcahVzH3DIR739
1tpV_Ho7Q55y0uC6t3CZSrxB-UVUrTqyD
1UHAAAL_GFsqqADxsPue3S36cY_X2j2F5
1UYhjvNTEV325gGaJI7o7DWe71TO5sqYC
1lhqIeHG3H6-bYW94CTXMvWjgnzfq8J2L
1Jitiy3cUwddXqgQA1DjdaBE0sT-XsjIJ
1cIJvvPCxaYrOd5N-bTpdHoz-3XjwVzUF
1hrC__6ErBRk4bpE-J8sk4eepuhTe-O1O
1qv-udH-1Z64er7uQysz7ll4-4VFoJLyN
1DVegiVsOyYPn787bWeVsL66DL5xst-U9
1UfQ95bXlaLi9U71t_YGJhJKnusCYGjVR
13RUY_Mev_iSBAcddNYNbquxnIj6q6Cw-
1LD-imn4A6RRlQXwfxqQcRCLIhY9w9LV6
109oFk6nb82QTfNVsGjJWO22o6de3NpTx
1rcQ3C1SkzDQAy_Xxkah3CH_rSrez2o9Z
1Z9hl1ygRHC6MQ-JQN8JB5THuWtxHs5yP
1BQ_3X-H0sSBBxb486ZKGPWqUJ4L9HafV
1IMF5sVZrRQKSHwXDzmKD31fhIxqcxp4g
1S4QjlUOMorrDGcR0f4dbTtiAF7WG1lX9
1trEx_yLMZ3MlhjUMj6weQkD7d06aCKKY
156FsymEMpuP2emWZSIrmvsjHtM3xcH3E
1GFSbYwvkqaqFmWdSEqKdF6tRwPl1Yr81
17uud-8rIAV-upgQQiG6ndmVRnON0d5VG
1mSccaOyypQJ-Alc7ioOPYxM7ad8_hoye
1M4hbqKPHpw85iMeNSnIttBFO9zS4bg8W
18hbKtXslMSCQd-NYDiMUZPcAq7gFZR6E
1rgIP6-RZfTbmQbzND9H-hocgkGGXccui
1sa8VHQgk4nauxeLJn9-1iyBLlJ80SQhA
1_SM0Sh2oF0M7Dwp-GGnOW7NfeoXdl0MC
1tT4TK2FB46lpD0u2SAtLP2TLFJK8zVmx
0B5ajqFwNbdAASks0b3JtOEhlY2c
0B5ajqFwNbdAAODkwTG1icEJqMms
0B5ajqFwNbdAAbm5ldENsX1ZCRWM
0B5ajqFwNbdAAek53TmNkcVRYRVk
1MMc-s1S_9A5CEXtFVGwr9MBVhVTr6f1t
1O7eacVTfu6dERXw3FW9wZxzx9RkOMXYD
1f70RCXuTPvzkO6X7HTLACrzi5OafzwPF
1eEBpIgd61Z8s-3GpQAYxpWRF1i8NdtVm
1nSGiBlpTRmd20T4wE8o_2wzc6lP3bJJY
17IfIszAPw9gtjVsOklJ_PVAFfn2QDBRk
19zCQ6WW9VHxH9ag8-uJ_2Nsp3fRjUbq_
1s_KJmLH-PksQ12ySiStjdUy9Ts8oqIHa
1xfqo58HWubnVc_giMWUvMFU5Ke1lzVEM
1Dh0HMmt7T5txsLuk46rTUhWzxM68S3oK
15TcURLXZyObyKvaVhoQhs1RmrEqFjbk4
1AfIimYtTC8NAuy_EZf94zVvKHArxwgXj
1elModKQMUdpp3SI8otYGU9UotR4phsA5
15PAlHShHUD5krZXyMYw1Pt0b7-tVY9Uw
1fxg8m0hGHQS4WqRyiLelSA6xZv1PS_CF
1fwHKWI81LAE8X3akZZW3HeOAk7wMiYfH
19BkO8sXo8P9yPBf5cv5BEXcI313NdITM
1iNeKwuX9pZqZpElgIR1akUx-b3b0KesL
1Krh3Dzcy_-41uNS5fXU0qu02muyBFs3r
1-ch3cjgCz8TyHXW_FJP2fJyRoYaM_a11
1fiZcHymDFSXPqmaeWb-nMcq-BVQ5VzhA
1SQsQyuye5uE3ddlMDR8FQptolUjxcrMO
1p67Ea_zkSBhUlaZmV2FfLtdgOAC-Hnjy
1W3uiLGaa4ICMv2oLiklWsmAsQ2TFcNFo
1gcTKADf9qcYf6HZX8PZmiYXgIoghyDqU
1yPMmshyj6a1dhxoR_9MPbeafbrALqzP9
1u2xuFCVrRWGJwWtTUh6C4IWJciijBTNW
1KX0jYdkpHxDwz3jq4AT7pGD9ru7-26WM
1kUuLgn3GL7U-kn5TwwWVzpKea6yhnULt
1iEwd-3bnrY6qC8sHPXrq0FBKfWHg-C8Y
14cNiq1dA0AhQUT1pwE_tWUbEJwe3eA8o
1Ksd9teCzuCuO1eAk9YHZdP0hjFAVQYqX
1cvGq9gRzr_ZUDDfMIBX4V4KnNVSBQl2z
1x9wssqMLbdtXujfjbAXhrRdt1e0T3qKv
1E_NoyqF9DldNA89zOpQGaUhE14qEavax
1dHF2hDkmNJiwbs7-Hfb04zvUQI-sTf5O
16Q-665RqTAPgfb6M_u8gokZWdeCs1OBb
1cbwjX5JfIJi7DkWO1RvkJI2OonwmL3ok
1ss6tD9t3NSwZmEOvGmKYaK19p_9zsSFT
17VUUocfZ6oWmhnI81GyTvqY1e6Ut1HPi
1O3HtmjNKTnxNnA8qKetJr40VnQ2O3Z80
1B7iN9lPVkOTrtuvnHBpyCTqSPvaztH1h
19xY5uxcZYXkUFLHY8miRg1dBmo1g7YTD
1cXEl0ZENM0R1_1-4tm3axdPvmC8lHe_3
1XinkFlVxrAaENLKOZ3bRAiQ-v1oXjpHu
16UvVjJbOZMCaktxDw_6hiQ2zAFRux5cp
1g091CrP9PL8M-iAPjYrgt7fMCSL9pM_z
1GqrHlXrME-2ljVcVJlCO2Md4gG7XhFkv
1tf3xfIKFxIdMgsI29fMWjnukOdT3uJns
1hsKa42WQgd9DaoisNPIi_EgiT-jjWGWH
14gRDDzRoKyOH0kyslXPbXdYvv9VES9_J
1n9uIokHk1a-1mmJjcPXXwM_bJCT2JnAc
1mfy66Y9oSt9ZV21OM9GaBFA5kUfOIl3i
1pYgZAklbknk9c35JRHiYbHpUWWixKoSg
1d--xR08cmKJ3iKVmmAbpR9atVKnbY2la
1MKXMkor2f42tB7CIHYv0nKMi2vQRpc1g
17g55wcwwJDNZ4we3tprQAO9qCDTat9Y3
1ueSdappKMYLGTUBUYiiFhuoB7HvZRwpl
1eKF8hAYps24wH0Czjesd3c3CRkL44q09
13tyOvF7vMWRnxjXsxgZMOq5TWUZ-TY7p
1uY3hugHNRsE0umvU3g6FJCxBRLJTjXiV
1rvXCLEZ-6AN1_yDUU2MiwosetH1Iw_dA
1aNZXx7uDN_pxI1Kelft8THRK2VnScINY
1yoM8pBUcZ1_Rfy6bJ5uAc-ijcq4u6jWi
1-7X5qbUvQwuoR8rOSLmAJnLiB_IIJR8t
1Z5Lku1nnqRjsJv6amuoKaKl2tewy6ODj
1tzuBpUwKyMGJ2Iq5IMibOb7m3wv6HQp0
1Sw8rB6czlgzvvbgcPOVF_1Rf2f7pNna9
1ucS0p7zaeC0OGqTheJ9xzRyCGs66vrxD
1LcsRV9RO53UBidccS7osXHmcHbrutW4S
1toUNhOFNUhV-AVMqMY2GRBEb8QxVfTb_
1OyUx2uRjFi-vxsHstJKbWc2lXWIjUv0Q
1Znh2zVI3SXpN-OcdrX1BOp7B2LuwmnGm
1GN39nv-ZUgTCm-o0OcERiUcRYg7ohCzg
1rEwkBEAL9SB-sglrCDVTMxle0ttm8zRE
1pN9Q2hSSa4tDF9-mEbHUUA-45xU1opsE
132JGKi19qqKvrGd2pZD07lSY8UHI1r0s
15OJFWBDgxJv694tqZ_q5Zot5tCe-0oJb
19nyWF7pBtnOuiAzB695-PXQN-6sla8VV
1SllgVrC_VNJcjh6TiqkrjTpsZQ1wBCjA
1OuPJf_y-w_HDBe7K2rXJymDpGInvMrAo
1toNoZUQBUVkyPfuUBUTpNbr6vLKvlesh
1OkTC6GXz5HP2EIOUs2PbCcozQo1hO0bI
1C2CItAtxfq8hysCrg6bNIR_CXTc8j4YH
1hJf2yxbZQP-7VqhFVFHNZLCK67oCFlQz
18NZoYAm99gl6BSwYSBQQhGkYeyS2vUU-
1ko0MlGaAH31o39yGmjLUIk_R4zHfO5wW
1xnpHdM26_xpmqinlQ8n41HrI0yeW-8Be
19qcN_whbqNuh0uphQNVuzdEVoyDQYada
1RuIGGjw4H8-y0r1zlrGuYtYjbqjcBhan
1-ouKG8CuHC_v0evd6rU9uvK_ccwxyAEI
1CJB87YdhvEo9X188xoOS2fuQJ1KPjjXp
1WRA9wwv0LwbcvVTCAIgx2psX6fpFN6qz
1NHSqKNBlhSinr0vhEdBLk5tI1En8j7c6
1uM_gNwGnT5ADqwwUP9wXDSAy1r6Gb1Ef
1HEo61I2PGKsVfsmRIzBPaxLy5vLvmOU0
190wiAgmq_i0WRsR1C1dQZXkZtYQa-ZZ2
1csijjmce0mkQVkCW7dbWMRU5RrzmL8TO
1yMOvyhf8IVAt1Z1y9CG8wfMMShibjHnR
1lC-mHbBatIqkMBFBEJT0K4UlvDn41ItG
1bQy4tMI7uSapyQwsXgbFl8aVq_-KNuFA
1eiS3hmXjRkB4gPx0cDf8QLs4S2Ktwhj6
1p4YWdxA0GlqE6Y5wDsVPgMQy2bPfCxJX
1EPSQZo9pAOSKxzIqodc-EnyoA-RihLu2
1MmVyVvoW77ByogCIntPEYb6EIZGUxAn8
1dONVrUDRK7u6Rmhj5zrN9kIOOa99ZQWF
1Ux0-s1y_ux0zs8999omuFBfUERiSWC3G
1-F7OOy-mZCoDDfIdaQgj35DCjixH55K6
1W_w1Ei9WWlXT4sLwN0p--j3CbwMDmgB8
1gpIeSkOr8f6sw-jiVW9XRN71izgx5qbZ
1teBo2O-gJdbahyE5aGJDYc6CPPogCUQp
1nNITJ6tV4YLYAuP-llkUz-FtAm6AuGqn
1A7sxEQv4BBDve-QFEfqrAzOENznVkQHw
1-eawnVGvUSrfCoYl2mtbTfYvsy-MYMY8
1w5lMtalen2IfrLicsdXaJFhXhdic_k1m
1evKMsaXIM_ieCEBDYxi7X5_vSHIPJQNM
1P94-qVF4NNohGM__SfGYwDVTMPoqm0bC
1UjOgN84d1cOkI2avWG8eXz6w-up0eZ0s
1R8__ElqseFyWzlFsS5hJkUVcVZqvJfb6
1xwV_yquqOrVkGP1OBf44l25Z_noFY3Ni
1gKa00r7gJd2yc599lhdJqL4jQoeaZNsh
1QmBxCPSTRntLi47kViUjPO0HMdqxWF-U
1G1ZCkqsQSlFhD5nPTXua-p_ASa1LWVHZ
1pVZWywmQHsez2kdo5GwJjB7QtfSR41Lc
1jxGG7JBpCFZ0faCxpM9F0enEz6pBIgfv
1EQVRDtDsqHpXmJTHyACiVwRgdJqc_FIN
1ESfaBqVOsaSJmznoOWDmncIMCK-IwcaU
1HiffiK1K4aK4gtWmR8nEoReiw9lMIaJU
1bC6QqnAWVYUdPC_GKcdpVyfQqFRhV1B8
12pS2A4pqAwTzz8xa_Xat0v885j_2_HqY
15P8lSKTMY7JaXLCUaWLrUlVGBqQQCs-0
1OcAPv1bLU96n8JhITfkOV0BfFqKzQqPv
1ZkQim8frD611kn5kd58Kh-xBh8tUZXvl
1a0lYlMm-vIldPGkvyc2-1EkgdVbe4mvp
18W6f2m3i6xNACZc-_0aCOuoC3L9J1rzN
1ew0jXiEF8WUMQ4qMf_OOWHEQS-FsFV_k
1DMlHoI-4h_ENFppvZbVXfgnniD_JNFXX
1Nw7203TMbqZ9aJHwiZ1tWgHhzqKrTOZJ
1n8ME1v-YlNr7JitlqSiMBvDSuDTVmxa3
1DedkrfRRR-zig7wqb4qxr3hltd9S61ix
1Y2DPJuSjX7YQdpYRHkZ21G9nGFg2YfK8
1UN0DkpTGtOqzbssS14tmM6hvV_o6Oo5g
1veiwlkjuk83LQBTpl3QDn4NJnwxwDJRp
18fUbfV9__s03zlxvhHS1smdHj65Ex0_t
1AyAhyQ4ihN5-obPbJN4b7KBL5k4I1bhK
1QeDU4ijCD-r8LBwkoBocC1mBFEnwb33M
1qcleWrx166zXK077RiVFui3mD-3DwlDq
1WVinkj7UWfC84xD82TZtXvqBDNWvdXIh
1ebGScV-hSZWi3vaMInr5xlpHhrouRvh8
1hlCGJjyCJJhvMD4JtySjeUFS2AvH-P4A
1t9n60RTAmUYYo6jKH1pizfu02-9PNis7
1o8RVJsrBN6M_yli5ewcSImCbue9flzhL
16HHMWiJMgmN2rmtefY7vAJb_dyvidUOQ
13zcIGJ-a58dXVawEqssfANmW209VYE9l
1gOahHgtxeXc8TYGxlAapMXTusIkVFVz8
15iEo-OFqPd-JPtJyVV35rjKP3Pz1aI-d
1ZoCzl82fjqDEh4tNyHiaVehOmr7tBnYw
1v-sZYty__J82UQVsZK8ywSXPrDDfMm_k
1ArR21RSxtOnylBDVsfQ-pg0iw3tYAvLF
1mOoBQ6neQVZuPGkE1utVTuPWr8oVU3WM
1uMv0uiIfKiMwc7PywkGfwV4NXTQ5Y8Lz
1ki26f0ZCt6lsmpWqEjRsPX_dya_Gieed
1Q0DPwRopCP7rdZX3PTgl6Ne13E6nOKnr
1boBRaBMutJARtRhwqySDC7ShZnhv8np4
1tNDqur78wPM-Nxz69dbssNZOqpmq1Su2
1DJIIOHYMsDJhsy1CIr-j4kEuEFiJQ8J4
1Fq6LT-fnxVfYo2_CJCc97rl-ZxmZhrhQ
1ZrYbGCj6_3C_DqkgMr3mCIG2MSqvWEch
1k4lKsV0fYz9xyBskcPKKvKZsswRWHfM0
12WEPNtmWoT6JwUyXctppA4fmwtvzpkek
1L3GMGp4jGOmLuKkQ0FSxi7p98BXB5zMW
1GKCzWomP-BGfquNNP_PpSEPAFmHkyo90
1DLLi9z7D8yf9nKltdTD8WpKHJa9OCgrM
1-oxBineUfjxzIWSprvly4ijtYcGnL0Nl
1sUNcxal3Jk4Z6rNvENAJtg0OeE51qWsB
1W2lBMqqBcNJjDKHGMr3S0Es4N-hhW8FN
1asKsJk8twpiujmVuYi-a5sbSkimIqT18
1okjwl5SelN-MAHoNdrBleiRVl0BjWWR6
18Rg_hxuwFweqayvDJWiakFgAjlSQ23UX
1BFfdE_Bbud8o0KFya108QPeiRo-QYEUi
1EIQwLwuV_uv_JmyIdfx1kpBLjQL_8OnL
1dny8L9jOQ__-77UwwG7ZUJrc468QsLvm
1c2wdBexKvoe1U1o_SgFyark7vV1JI2xK
1Z6UkYwPhxfvkmCtIS4AII_H942vEabN1
1v2LkKw4AxhmdUj_p8I_-vcmNMnlr-Bs-
1C8bSh-aIREgZ7oCIgzpV2y6t9eqaqUpa
158-xr_GwKcWOLh4ABF7DLJ39xdtafOGP
1LMtTxfRBTby2Y9galg3E7rC7sVznxBLs
1B30q0VGToOPpdfGkPqwyVA0tVNKnsqSa
1ehtFd3jEGomw4wAYptWTydDLG6aMBXqe
1O_UdUWC-5mjoyXAswPt5QXyNhamiQdaU
1F4sYH9Xrll6bcmp2upmh4O2ssNywqw21
0B5ajqFwNbdAASWZ1a25PZW55Ym8
0B5ajqFwNbdAARExOOUltNUU5MWc
0B5ajqFwNbdAAMFFWNU9mcGw0YVE
1AwrxINjP0HTw0bFPMd4AdQGwvMp02e3b
1qchetfgAS4BaaT02gyl5KOadolMVMd9-
1cCJ2vaSbWZEdFGU2l1gqCCnuSOP25_6o
1poaFgpFFx7Hu2sz_YFrqYnM59RbHqXBc
0B5ajqFwNbdAAX0NkUmtDZUx2Wmc
1TBMGhDdrn60wFF3uYmUh6szx1dUnhH94
1YFaCC9WjHKxYNL1R5Fh5v7K86NwlYj1x
1apLSgDKUZhX08qSYA275kpt3x-eQuJyk
1OOusOR4a6CzLXfAOILNYCk-VBJLoed1Q
1jFIPacsr7GjRZxaV_4ZBdD0ANxY1-onE
1BzPXrm9h4Ghfuh4-7uLqNMYb0QmFEUit
0B5ajqFwNbdAANGtVTWY1ellLbEE
0B5ajqFwNbdAANGtNeHFXbmVfbUU
12mCiNGCuVpP8edTK-UWwM5COyB6fXLZQ
1ZVbFlHFiBbprnU_bdATMmcZzP26pssTE
13vUR6hxsul24V_rVes-hiqto571SOWY_
10pAxV88bpveUvm4I7NNWv7__Ca1ze-IZ
1PfhvusWiTeORqARG4YC4VOmteZHrmsOt
1PgG0CAtTdzvuxxalsPmVlgMawKIGKus4
1Pjw36JI6AvBWswpoM9ZMcJv7il4EbnOf
1Pkac7h5p2Cs7yrWa-VtgPrfZiayRWtNj
1PpFV93qHFU0-uaT4wSTEPKMHQGMBtKR9
1PtOJ-7Gss3ePK13AsREEpdhnYYnMpQgl
1PtONQyYW5KSqYstzfEvBVnCFCIbVl4wY
1PwF6YIzYazbMndN3AtBpiNMjTXsX7cER
1Q1kimAyzuNFuQqHBVldJRcQHPEOVdxew
1Q1zQHE9OMzHYKquLFiiU45q00myK0bt3
1Q2eqxCkiEHQt3TciAeibJCWLcAFvEBkn
1Q53o5EgXhqEXoSn2Nf3Tg_pudk8ykPVc
1Q9XjaSWV61VjLGfE9SKvqbIlztQ75ksv
1QMIJWoJfVRHAwZaknyEcA0UyMIKsG4Ar
1QOEay1BrElucK06T8LDbmkeSRl-mPOj7
1QOypLzRzJ7NicaLpVLSVySkwvtwN_0DT
1QPU4j2y3GcBd27w1B0ZgApEc_S_KjRHC
1QWtu44MEBgxMyGw2loBBYinV-qgNIy9U
1QXuz0Hi2rYOO3jMsXxtg_D9f4CA0Uf95
1QYfajs4y7I8Ynkhhxz8C4IgrjSRm0sCE
1Qbxfnhk91DNhsGVLwb2W9sGCOhe1r5oM
1QcBOdApl7MhpqYKJLJm96t4FZDe8VeHm
1QfaGqP2ux5HDTxBFxpLQ6JqdvAG2dHS1
1Qj0UVtYzvSBWvjaRLVb1usyZyzYBK1J8
1fuU5oDBny3Gn5B-ziqnRUlsNgFtPJOE2
1qRJA4-vLgghWsj9nhzfOY_nyTLlm0ugA
1rzP-dJe3g8HgoRK3PEWTsZQ-wNqqk8kk
199nCre5GvqXTkXaPWT5jcwdh7qANdxam
1SYIA0OP4XNfj1mrNbxeJABJ8pW9xGZ8Y
18qlJLURudyIQHz1qOAboICWmsZbHLmkI
1Df2zL6szHMX9RHGUbnsPr61e2MKG16ym
1ibEzqhmj6GmKSN7iSp_S724gZpEiJ642
1rehRcWfZ_qlXOqZkMAtcKXEpAxNSC4Up
11byjaf_iA_9iS5cICSkx31Yei3hTsem_
1j0h7jiov6kdZdOQwR9CasWPm9VCcYJIL
11LiCzFwDkDVEvUJUJYG8PpSY4z5MypFw
1e2cqytsTQdxZdzFWxNtgCy9szNuRKKEi
1ZNhsoHIK5FqKbVi9c7lneFbVlhfosEAS
1-SDsnUtg-ymAverv0B3lgWooaN11ySde
1ekDf9Fp7nZLU5Ff1mk60S3SyMGiMz4yH
1b9KCOkfQcKh_f8DETxaVA9dfxgRC7ICL
1kCKw3MThQmkzcZMoNbQ3VRpICKYCr8Jr
1f-IIpVX_kfZHG7h4-iZBbRJnYhShJcFb
1GtS7rUX0kqnQjnBOdo6dHejZ4E9mdYAp
1QcQu8t2eTM66U6OOMShZ5KMoSM87-EN0
1AfQaecvVCxQ456vXf5UV7nIc2-jOF52e
1LcHJvpt94E4H9mGHuZawnKFxbfSXyYUp
15yo_GD9EfFyvK65Ka4BNVaFpZtmyWFDu
0B5ajqFwNbdAATzhiTzRNUXliTHM
0B5ajqFwNbdAAMGljTFBTMGFSOGM
0B5ajqFwNbdAAbFE4bEZrd1gxRmc
19hAveDC9cowg5PAX_-JuTKmRS8hFjnjx
1sq9J9IT6UOIbAHJZqssBFJYq5rY_rBp3
1ZhL4Uh-230gUwabb-jPhNZTqUOBKlO6p
1L9kIT07YGYrvnM5KYdFXQuGZyHJLuv2M
1KYEiLQ6cuOpKBTtl-nGioxXarLtEj402
1KYEMzN60wVOQsEX08vmFHddtwCDbRBlE
1KOvUGw_qROdP2U3hmztt9lqzcCJwKo-6
1L500aYee3lH2REFIBgemBGJVgstqe1eS
1KTi8CqjJdDrQUhg6i2RfIQtbVMX19VGq
1Ki6YcmzJbUoBzBm92LcD-63kVzV-e-Rc
1L-mT1YulmPXO6XLyKUGCCPJaPBpEc5WV
1KLaYIeqC_Pyrn6dmgoKFfhYl8MCZ4lzr
1IeAovUS04oPnBrbpq3JX-v2kHm_Tp6Bj
1JUUufy1KWlBew11bFQAqcHR5ayRiewO2
1Jm4b-tvAFNAAI6XJQ49cJFWbPULBMzzt
1K2F6Bm0AMEHH5XauynMlLRJlJA6G84fx
1JTXaeIoGVm5XKo0RdZajSe62lhsWHcQk
1K5oMnkDI-AZUOnpNNP5v3QGXC0odc14O
1JiFNtZzYdDcgVM5GTE1SrdsFYxxuZ672
1JoW8jc0DI2Pgg369HCIb_Bq6Dt2hmTZn
1KCLRs0Tylp-lqYxZYDzhILgyvgCa9Mgi
1IrZWhs7yAaCGNsH609ocHv-ulC_LipTo
1Jh5e-gbyfQxyZBqHKlLYZzsUaAtUjZQT
1KFwQQPeq5ZIcTS4BaahQMg-NG8EEeLuG
1K48UuKQC_K1-XTWdTZ5pUG3SXL9EmQeA
1IqlILVfhkTN5FEaFtgoOLbOAdp8Z3tPm
1IteGqMOPHPX1FirKNGa9AsxgT4dLBsP_
1HoJgAfE1qF0kTonTU2QWE-ddjcblya3E
17ivo5NuOZZieGFkGmawEBl_rSZtmh9HX
1HyLAWoB9o32f6yBAa-0MHjbauuTPzlnQ
0B5ajqFwNbdAAclVfNnRkYVcwSmM
0B5ajqFwNbdAAYm04VHVnODFHMzg
1ro3O_Wb9WlOmB_CbomeyDArWB8m76ZNV
1qr8FbAulikEtNTqm2jXCuQ8Vv7wAClLp
1qctXgNb3_NA3oW-wGaS61pzUUlNRruXD
1qFmCiLqf1QbTJKgyq6wt9K7zz33lWor_
1qA3bH1ALLg1Bnv56loC0XtBRb8M9lCkT
1q7GOaAnLD9aDqVU9SxyrTwwdbOluKYTH
1piGAi6waWzVatah_j691CA6MzkHYTDUU
1pOKCgfXl4IMUfKf5T43PrVJRG56QYBC-
1pJo1J4a_8iqJ-B3kc1G6wkVLZISoiM36
1pIil248VU6xpzoV4XC-kmTI-hTWJm1o-
1pH-ih_Qdz1jqHEauuWM2u-Mm-oVIatn8
1pDKERItSTbZQ9PbTTDO4BvMNWczm26bM
1pAneP1FR1rYFVRfvlXiVGAQ39PF0HDRC
1p1AuX1XLZTehQ7z9o1gHQ43cn6djwf0B
1nRy7xsteP95kt18C8GqtaWl9sGI7gP7C
1np-WDfnCkuwp1k-Q0Mvz8W1jgJOIzul7
1nnkesrnkqVIKeVMTi68yg_BSS6r-Hz4Z
1nUhbkxRR7ZLZkRXGKhu84ej9Sj1jhlSu
1mYjXOvWBnlfIDlEW58cvY8JrdQ0fYCyl
1hQHHr0dPTacLgaA8rRaRlFImFijzGuuy
1hOcF7yA-Nlsn4HOTH0fxEOr3TL18cU57
1hKq0K2xvuHV_ZLD9lpY3-FBDkV7zcNPf
1hIbbdLVhyMNyQLjQ0p9ZduawMMLCGn9U
1gd-7RQAFXYgGCKjcmhAFgtORdMy3WZlK
1gSlUJinMFiYgx2eDZEwIDFBu0WC3_AMS
1fsalX_WDbUCYVQKhCC_JVfoUf7Td8TcW
1fFpRD37yy5qYR_8_74qnlLgVIIl77aM_
1ekCRcn3eEKtO6tCHiKanQJGjXteJ8YoN
1dmTds2rE_URU6axhtGbXqNwGsBR8T0wt
1dfiDZVKlRKgIXL4Hvv32o0vtyL2odnlq
1dXm2ipAnyr2ifYuvm93jjZAS9MHMYtVR
1dPYlnoqVED22HkHovcm7tdnFiIMToihP
1dFtHRShIFKixNnSlzyN5wOOiwEs9yo6W
1dB_3VcDAahB6Jbw9bQW_wGblNZ4Z7vXA
1cui3PwF1dp7dRFD2y8QVejL3vdrSt4O-
1cgDnrxX1mlA93_YkHTWLpE1L7fLNoSIk
1cMG2rVj3LrMTcZmzVwX_I0w-_TGyFAwh
1clfyk8tNb6EAiQ_9B8BHuDjG5XbmApK3
1brCxeUOVax80MVY4tDWCOrErGFjMLhVj
1cBwVLMKeEGu2ZWl19zfeIJeX04h1EOtU
1c1BrN9CbhHTM4y2Z-Wna82y3ZqBNeCfj
1bqKnCGsUTgGx0uagoAG9__F6syrUmwMZ
1aFcaUCftUhpz9ZGam7ntswh0qH7ZoI6t
0B5ajqFwNbdAATllSSjNjWDd0bzA
1rOseKylHHtJtcg83FdRJPgLkG9rC1hr7
0B5ajqFwNbdAATF9QdTBnN2dJbkE
1gSRinOMZt0hyN6fd6nEzfcOmiZZy-Wjs
0B5ajqFwNbdAAUzJCREVzSnJWdVE
0B5ajqFwNbdAAZzNiY2kzLUtpa2c
0B5ajqFwNbdAAUHpIa014WFo0VEE
0B5ajqFwNbdAAS3A5bl82MFpjakk
0B5ajqFwNbdAAZ2lNUXZfcFpzNm8
0B5ajqFwNbdAALU9ab1V4aVVEdU0
0B5ajqFwNbdAATlFmMWF2SHBpdk0
0B5ajqFwNbdAAcC14R0hiR3ZuRWM
0B5ajqFwNbdAAaE96cHM5QmxaOUE
0B5ajqFwNbdAAZDBpSGFfQllUd1k
0B5ajqFwNbdAAbXZPMWtnVlhTLTQ
0B5ajqFwNbdAAcjN5enU3OVVJTWc
0B5ajqFwNbdAAbGVLd1dsSGVNbmc
0B5ajqFwNbdAAMlR3R2VsWV8xNEU
0B5ajqFwNbdAAcE5yall3M29FcjA
0B5ajqFwNbdAAcjZtRmcwSWZoWnM
0B5ajqFwNbdAAWjBvMFJHTkt4eG8
0B5ajqFwNbdAAMl9MalE5U1ozbms
0B5ajqFwNbdAAVUs4aERlb3Y5VWM
0B5ajqFwNbdAAZ1p5bXlJRTR5ZkU
0B5ajqFwNbdAAakRhLUJsMVBzbTQ
0B5ajqFwNbdAAeTRYbUp5OU1WdnM
0B5ajqFwNbdAAYlB2OGxtRmEyZFU
0B5ajqFwNbdAARU9MSU1mOGt0dTA
0B5ajqFwNbdAANXQzUHFBUUpUZHc
0B5ajqFwNbdAAUmlTbnV0UWlDcEk
0B5ajqFwNbdAAYUZBbHBES0ZwYVk
0B5ajqFwNbdAAV1FPTWRZUnN6aWM
0B5ajqFwNbdAAcHJsY2RpeDVqRVE
0B5ajqFwNbdAAdkM3MURzQ0pxNE0
0B5ajqFwNbdAAdmV1ZzBTRS1TVWs
0B5ajqFwNbdAAc1ZGcm5qbTJ4Mmc
0B5ajqFwNbdAAOWpPQ181MFRLRFE
0B5ajqFwNbdAAUHUyckRaVlFOamc
0B5ajqFwNbdAAMHkwYmludzVkQTQ
0B5ajqFwNbdAAaGJXSExOSFdLR2s
0B5ajqFwNbdAANXVvcExNUlI3THM
0B5ajqFwNbdAAdXFqTDlDdms5d1E
0B5ajqFwNbdAAVUxSZ2VwRFFxekk
0B5ajqFwNbdAAWHlPWXZRTGY4T00
0B5ajqFwNbdAAemlGR25IcHJQRWc
0B5ajqFwNbdAAZmE3cm9XbDEzLVU
0B5ajqFwNbdAAZTFYSFhERndKTzg
0B5ajqFwNbdAATkRSSlFfU21GZ28
0B5ajqFwNbdAASlF5ZnYtLXZqMVE
0B5ajqFwNbdAAdExHZEU4c0xrQ1k
0B5ajqFwNbdAAbFo2OURBeU5LcWs
0B5ajqFwNbdAAUkplT0dwUjROY0k
0B5ajqFwNbdAATTBpT3ZETjZPblU
0B5ajqFwNbdAAWTd6RHFhUmVlekE
0B5ajqFwNbdAAbFh3WTJTajR4dEU
0B5ajqFwNbdAAdkdlRk1yY0dYYjg
0B5ajqFwNbdAAT1o0Yzk1VE5ES1U
0B5ajqFwNbdAAakI2SkNjeGV5eDg
0B5ajqFwNbdAAS1V0a1YyeFFCMnM
0B5ajqFwNbdAAZ19BS01tRV8wYVk
0B5ajqFwNbdAAT3VLdlB5RnRjbVU
0B5ajqFwNbdAAWnVURFY3OGNmeFU
0B5ajqFwNbdAAZ2N0bV95WnpDU1U
0B5ajqFwNbdAATC1sVndLeDQ5SUU
0B5ajqFwNbdAAMzhVLVdxTlNkbHM
0B5ajqFwNbdAANTdLV0VGUVpZQjA
0B5ajqFwNbdAAQjA4RmNhZnYzRUE
0B5ajqFwNbdAAd0FPNmV1bEM4dDA
0B5ajqFwNbdAAN0cwNFl5WmtoNTg
0B5ajqFwNbdAAQkUtNVlEZWxrN3M
0B5ajqFwNbdAAcmVrb2NESTdtQW8
0B5ajqFwNbdAAM1RpZklyNVZDRWc
0B5ajqFwNbdAAYnZtNjVfeTRQOUk
0B5ajqFwNbdAAd2Z6T1ZQUnhjSmc
0B5ajqFwNbdAAR0lUZmdnMXBkNWc
0B5ajqFwNbdAAYk1nTlFCWjJUVzQ
0B5ajqFwNbdAAdkxkLXQyNE9iTms
0B5ajqFwNbdAAR2NvTk9qMmlBbWs
0B5ajqFwNbdAAamJ6Q3c5emFpODQ
0B5ajqFwNbdAAZ19vTUdCeXZvamM
0B5ajqFwNbdAAMlRaYkFkc2pSRTg
0B5ajqFwNbdAAaHlCcmlOMXB5NVE
0B5ajqFwNbdAAMko3OTgtekl2VFE
0B5ajqFwNbdAAaGFQb01ldDIyTkE
0B5ajqFwNbdAASTVseDhnU19vNVE
0B5ajqFwNbdAAdm9jbmJoOW1KWEk
0B5ajqFwNbdAAU0w0eDY0bTVhUFU
0B5ajqFwNbdAAVlEyOTlYQTBfc2M
0B5ajqFwNbdAAWG1mT0dld3IzMTA
0B5ajqFwNbdAARUJNR2FhOER3enc
0B5ajqFwNbdAAQV9fQ25DMFp4bUE
0B5ajqFwNbdAAZFpfZTJ0a1NhWGs
0B5ajqFwNbdAANWxnR3Q0cWlyaFE
0B5ajqFwNbdAAY29QUEVJSWxpcjg
0B5ajqFwNbdAAU0F4Nm5MT2VvNkk
0B5ajqFwNbdAAZi1OdlUtX25MM0E
0B5ajqFwNbdAANHZoNU1xWXYzMFE
0B5ajqFwNbdAAODF6RlhRbnJJUk0
0B5ajqFwNbdAARjVLMGxZRFpUVzA
0B5ajqFwNbdAAUERLVnNhUWh1enM
0B5ajqFwNbdAAeGhkSkRZWkk5dU0
0B5ajqFwNbdAAanZvck9NbHlsNnM
0B5ajqFwNbdAAU3BhQ2JxbWtKeEU
0B5ajqFwNbdAAd202MmE5UTVhUzA
0B5ajqFwNbdAAV0VUVTBac2ZLazQ
0B5ajqFwNbdAAWXE4ZUxldjk5cmM
0B5ajqFwNbdAARGw1ZmJrQ1VmRGM
0B5ajqFwNbdAAaF9OeTV1Rk8zRFU
0B5ajqFwNbdAAZkE1WGZHV3NQMTQ
0B5ajqFwNbdAAcjN2Mko4MkliSE0
0B5ajqFwNbdAAYWhoams0UFpGcDQ
0B5ajqFwNbdAARmk5Mm8zajAzVE0
0B5ajqFwNbdAARU1lRXNKWDVPVFk
0B5ajqFwNbdAAakphRGZHa1h2WW8
0B5ajqFwNbdAAZGh2akFiSE1SMkU
0B5ajqFwNbdAAaGMyQjlXdTQ4Vlk
0B5ajqFwNbdAAT3VNZzJJU1BHclk
0B5ajqFwNbdAAVmlzQWNYZElTeUU
0B5ajqFwNbdAAVHplQVU2bDY4Zmc
0B5ajqFwNbdAAUk9wYU9lLTJ5UWs
0B5ajqFwNbdAARkY3TVl1aGdXX1U
0B5ajqFwNbdAANkNnZWQ4djlOcFE
0B5ajqFwNbdAAM3hXVnN6dU1KUHc
0B5ajqFwNbdAAcnNoWDc3NGRGUnc
0B5ajqFwNbdAATGRWSk1aN3UzQms
0B5ajqFwNbdAAbm9KcjRXQ084WWM
0B5ajqFwNbdAAOGJvb01JZkkwNGc
0B5ajqFwNbdAAV0xLb1JhZ2tKaEk
0B5ajqFwNbdAAN2RHalM5a1R3UEk
0B5ajqFwNbdAAZVhLbDd6QTRpSzA
0B5ajqFwNbdAAbWJBWnF2ZkRPWGc
0B5ajqFwNbdAAMUlrRVhaMEpiaVk
0B5ajqFwNbdAAN1hGS2pOMGYzaGM
0B5ajqFwNbdAAYjllY2lua1YtQVE
0B5ajqFwNbdAARmF2R3hRS1EwZ0E
0B5ajqFwNbdAANXJzNFh1NXVfTG8
0B5ajqFwNbdAAY1dyWGZLb1hMdms
0B5ajqFwNbdAAS2ljX3FIZXNaUkE
0B5ajqFwNbdAAUTY3UHBuUXdKdlE
0B5ajqFwNbdAARlk0V09aOHF4N2M
0B5ajqFwNbdAATW12alZnVnRJdnc
0B5ajqFwNbdAATmR0WGxFUXNrc0E
0B5ajqFwNbdAALXhfcjdOQnd2NXc
0B5ajqFwNbdAAZWtRQkpTaDE3a0U
0B5ajqFwNbdAAdDVsT3JweklsdXM
0B5ajqFwNbdAAR2QzZlloQTI5MjQ
0B5ajqFwNbdAAUkREcGpxVjZLMm8
0B5ajqFwNbdAAbWpwaXJ1Rld5MWM
0B5ajqFwNbdAAZENJaXVidnJVRTg
0B5ajqFwNbdAAbjdnZTZxMWVkZjA
0B5ajqFwNbdAAdEMydTF1NjRuV1k
0B5ajqFwNbdAAT1NBNVcyS3NmSEE
0B5ajqFwNbdAAVHRNSEs1N1BqUEU
0B5ajqFwNbdAARERwVWZsejdxbE0
0B5ajqFwNbdAAajNoMHIyRlpXQlE
0B5ajqFwNbdAAd0VMU3lMZ2ZEeDA
0B5ajqFwNbdAASjl4Sy1QVU5jUnc
0B5ajqFwNbdAAZHpuY2s2VWRWZ2s
0B5ajqFwNbdAAa1hGTDBRZm1MaVE
0B5ajqFwNbdAAWWdPdHZPVDVrQXc
0B5ajqFwNbdAAbFZZWTFLbF9lams
0B5ajqFwNbdAAa1ZEaFVsY0xhZE0
0B5ajqFwNbdAAOC1rMkhudGtVN3M
0B5ajqFwNbdAAdlRGRE9vRXFFMUU
0B5ajqFwNbdAAYzFidTBvYkxHZkk
0B5ajqFwNbdAAVzFxclJpcmtnSG8
0B5ajqFwNbdAAb2Z0RHBRLWZPaWc
0B5ajqFwNbdAANlFXd1ZFazNzVzg
0B5ajqFwNbdAAcGluRGFJQWdvTFk
0B5ajqFwNbdAAMHBCWnYxM1ZOV2M
0B5ajqFwNbdAARXhSQW9ZZGpYekE
0B5ajqFwNbdAAX3c4a3hTcFJud2c
0B5ajqFwNbdAARnBVNUFqdGNTMFE
0B5ajqFwNbdAAc1NZS2NhaVp1Nkk
0B5ajqFwNbdAAcmVaRmhncGxlcUk
0B5ajqFwNbdAAdjdoTFhPRl9FV3M
0B5ajqFwNbdAAd3J5N1E1c2kwREU
0B5ajqFwNbdAAaVNxTHVmMm9UcGc
0B5ajqFwNbdAAMDdQZ3Z2NlplUGM
0B5ajqFwNbdAANWc2OVpZWkdOa0U
0B5ajqFwNbdAAUk9QN2p0WmM3Zlk
0B5ajqFwNbdAAek53a19IX0xCclE
0B5ajqFwNbdAAZ19RV2lOeVhWTGc
0B5ajqFwNbdAAWU42QXl0T2pHbU0
0B5ajqFwNbdAAd1IwOUxuQ3BleEU
0B5ajqFwNbdAARWhwTVFQR2FTMVk
0B5ajqFwNbdAAOXZrWkVTV3RrQVE
0B5ajqFwNbdAATjVsYXlrRVJLMXM
0B5ajqFwNbdAAblEwWHl1bl85Y1U
0B5ajqFwNbdAAc3NwVHFOWWs0dWc
0B5ajqFwNbdAAVW9sMFp3MlFDV1E
0B5ajqFwNbdAAb1hrUEhFeldFQWs
0B5ajqFwNbdAAR0V5MHBWRkRtOHM
0B5ajqFwNbdAAdVRTb2hmSFNiNk0
0B5ajqFwNbdAAWHRJeUczWDd4UHc
0B5ajqFwNbdAAMGtRaHV4NHB0cFk
0B5ajqFwNbdAALXJQUDNiTTRJQkk
0B5ajqFwNbdAAcFh3SURwWlVSZ1E
0B5ajqFwNbdAAU0dnYTdZZ2hTTVk
0B5ajqFwNbdAAZHI4b3FETGJkRnc
0B5ajqFwNbdAARHFyY0FkeHkyRmc
0B5ajqFwNbdAARXN4cEhHaWxCWGM
0B5ajqFwNbdAATUJ0dzhiSENXTTQ
0B5ajqFwNbdAAX2I2U2NuZFR4RTA
0B5ajqFwNbdAAZ0txZndzdzFtd0U
0B5ajqFwNbdAAcHhpUkFraURzWUU
0B5ajqFwNbdAANGZnN18tZXozaUU
0B5ajqFwNbdAAcDFWcTJHZnJ6eU0
0B5ajqFwNbdAAemc1YzhCUnA5bG8
0B5ajqFwNbdAAcklaNFNpdEs3ckk
0B5ajqFwNbdAAbE1Sc1gwSWJUZm8
0B5ajqFwNbdAAOHduWkpIMXpsR2s
0B5ajqFwNbdAAQnRoVkd6TE9fZ0U
0B5ajqFwNbdAASXUxdmRETXRMN2s
0B5ajqFwNbdAAS1BjMUhxcVZhbVU
0B5ajqFwNbdAAdzFyOHFKbmFadFE
0B5ajqFwNbdAATWtZdlBtNTBmRU0
0B5ajqFwNbdAAMEgxT0tYbFNkWUk
0B5ajqFwNbdAAd19KWVFkSlQ3N0k
0B5ajqFwNbdAAWTJDekJjY1k2MUE
0B5ajqFwNbdAAWFR6d3hVSFJ5bXM
0B5ajqFwNbdAATmhBenkzc1I4X2s
0B5ajqFwNbdAAN0R2aXNxQkRUWDA
0B5ajqFwNbdAAcmJtTFhXU1RCdnc
0B5ajqFwNbdAAenc1Q0NxS3BNbjA
0B5ajqFwNbdAAVHdjVE95OWdGM00
0B5ajqFwNbdAAQzM5MG5TTEZzLW8
0B5ajqFwNbdAAd3EtWmJ2NUVOS1E
0B5ajqFwNbdAAZlhfRkY4aUpIYXM
0B5ajqFwNbdAATEc3Y2ZBM1hURE0
0B5ajqFwNbdAAcmVsaHZaU094Mk0
0B5ajqFwNbdAAMnZzNkVkZV82R1E
0B5ajqFwNbdAAdkFWUmg3b19PcEk
0B5ajqFwNbdAATjlrM2s5dzh3UVE
0B5ajqFwNbdAAbzI4OXJlWGhnejA
0B5ajqFwNbdAAYnFMZlFNOGJvRGs
0B5ajqFwNbdAAdzJ3UUd5RmoyUTQ
0B5ajqFwNbdAAQkRjZDF0dWpUZU0
0B5ajqFwNbdAAeV92X0FFUy10UXM
0B5ajqFwNbdAAUGtqSEVPOTNiOXM
0B5ajqFwNbdAAT3Z3UlZWV2o2dnM
0B5ajqFwNbdAAX1NRbzZ3WW5MNTA
0B5ajqFwNbdAAeFJsZDVLX2lOdjQ
0B5ajqFwNbdAAdUVHbW9QMl9jcEU
0B5ajqFwNbdAALVoxdXU4QVl1dGs
0B5ajqFwNbdAAMTBTTk1rUXYtRkE
0B5ajqFwNbdAAZk9kSFlIWVdsSzA
0B5ajqFwNbdAAWDFOUy1EMjJOQTQ
0B5ajqFwNbdAAV0VMVTBrSXBkUjQ
0B5ajqFwNbdAAeE9fSlhoYWVFbnM
0B5ajqFwNbdAAZGtlT0lMUmpXSVU
0B5ajqFwNbdAAckwxb0tqNFdLM3c
0B5ajqFwNbdAAYUg4UGk2aHpNYkE
0B5ajqFwNbdAAU2tod1laOHVFdlU
0B5ajqFwNbdAAV3haWGVKV3dWdzA
0B5ajqFwNbdAAeFdfRXJNeXhvbVk
0B5ajqFwNbdAAS2FaVXJCR2l0Ulk
0B5ajqFwNbdAAOFZWUUdYS1U5YU0
0B5ajqFwNbdAAbFA2azMtLWlXc3c
0B5ajqFwNbdAAUVpLSV8yTUh4aUE
0B5ajqFwNbdAAaTJJMXdDSVBvdTQ
0B5ajqFwNbdAAZVFrbWZNWU5RSVU
0B5ajqFwNbdAAc1l5cFRKQ3dDM1k
0B5ajqFwNbdAAVGJrb0pVOWFqdVU
0B5ajqFwNbdAAMHZWS0FfVE8xREU
0B5ajqFwNbdAAbk85STRXcVFNS2s
0B5ajqFwNbdAANmVXMk1qdlY2VUE
0B5ajqFwNbdAATk5OaHpUS082aG8
0B5ajqFwNbdAASUYtdjY1b0h2NFk
0B5ajqFwNbdAAZ0pzQVZoMkxRTDg
0B5ajqFwNbdAAZkJ5bHVENk9DRDg
0B5ajqFwNbdAAVEZCMTNRRUttU0k
0B5ajqFwNbdAAMXllZG4xYU1fRUU
0B5ajqFwNbdAAQ3hNcnp5bmR3LWs
0B5ajqFwNbdAALUhVY1dhaV96emM
0B5ajqFwNbdAAWExpUGphM2k2cmc
0B5ajqFwNbdAAekZiU0M5QWNXcUk
0B5ajqFwNbdAAbmhuUlZXWVRUQ3M
0B5ajqFwNbdAAR0tzRnUtQUFPa3M
0B5ajqFwNbdAAUC1PazNJcEhEcG8
0B5ajqFwNbdAAdkhMd1BPTkV4b0U
0B5ajqFwNbdAAZk1lT3pKX25iTEk
0B5ajqFwNbdAANmY5aFBhU0tiTVE
0B5ajqFwNbdAAVTFzZzV1WXp1ZTQ
0B5ajqFwNbdAAWXhoZld4Y1JudWc
0B5ajqFwNbdAAeHF1d1Q3YlRXUVE
0B5ajqFwNbdAAR2FxeGlJTjVGQXc
0B5ajqFwNbdAATDZubmNpdEtPdkU
0B5ajqFwNbdAAcDVWalloSXhxaFk
0B5ajqFwNbdAAcnJLTDhsNEUxeHc
0B5ajqFwNbdAAeEdsWllKSWVhSjQ
0B5ajqFwNbdAATWtpXzhwTmxaYnM
0B5ajqFwNbdAAR05pb0NzT1BZUjQ
0B5ajqFwNbdAAd1dfaGVYTlJDRms
0B5ajqFwNbdAANThJTm9UMjNGanc
0B5ajqFwNbdAAU2lzNU81VExHdU0
0B5ajqFwNbdAAY0Z2ZXM3U1hYV3c
0B5ajqFwNbdAAY2lxaFE0Vlk5OTA
0B5ajqFwNbdAAYlNkdEJxTVNHN00
0B5ajqFwNbdAAR0dLd1VhOFhNd1k
0B5ajqFwNbdAAaVNERU93elNOM0U
0B5ajqFwNbdAAdEFtbEFsY1dtOEE
0B5ajqFwNbdAASzBUMVBEQ01VQVE
0B5ajqFwNbdAAVEZYRDRiWDRVeDg
0B5ajqFwNbdAAWXJJQTJMRjI1QW8
0B5ajqFwNbdAAVG1jaUctdXN0aXM
0B5ajqFwNbdAAcUk1Z0Q0bDBuUWc
0B5ajqFwNbdAAUWphdHc3VlBkWFU
0B5ajqFwNbdAAWmh5RXlSS3RVRE0
0B5ajqFwNbdAAcFhPbldlOUEwek0
0B5ajqFwNbdAAWEMtRXdSdUxBZ28
0B5ajqFwNbdAANldzQlJBNmh3ZmM
0B5ajqFwNbdAAeEp0VnlhdWE4QTA
0B5ajqFwNbdAASmdLOUdfUTRSRDQ
0B5ajqFwNbdAANEdDYWxJVnE5Zm8
0B5ajqFwNbdAAcExYVEdiUThZbXM
0B5ajqFwNbdAAZ085d0VWbzNkVnM
0B5ajqFwNbdAARF9qWGFOblNzLTg
0B5ajqFwNbdAAQnhtT1VFNU9HRWc
0B5ajqFwNbdAAdnJWYkVGQzA2cVU
0B5ajqFwNbdAAM3lWUy1ZS1VvYnM
0B5ajqFwNbdAAUVFTOVJvaW1sN0k
0B5ajqFwNbdAAQWJsVFJSVnNZUW8
0B5ajqFwNbdAAc0VNam9CWmFPNXM
0B5ajqFwNbdAAQmM1NnEyeXZSckk
0B5ajqFwNbdAAckpscHZPVlJ0MTQ
0B5ajqFwNbdAAMUp3em9mcnAybHc
0B5ajqFwNbdAAN2xub0VQYXFrTVk
0B5ajqFwNbdAARUVLdE01SlItZEk
0B5ajqFwNbdAAdjJZY1pLWHI5OTA
0B5ajqFwNbdAAVmM0N3c0bXRGWE0
0B5ajqFwNbdAAQm9GeVAwejkwRkU
0B5ajqFwNbdAAUzllRV8wRkdJSE0
0B5ajqFwNbdAAaU9UOFNFblBkTGs
0B5ajqFwNbdAAejJ5UUFtb1F2WHc
0B5ajqFwNbdAANWtNVFFhUjdrbmM
0B5ajqFwNbdAAOHg5MTJKVEFRa3c
0B5ajqFwNbdAAczFNTXFZQnlBMlE
0B5ajqFwNbdAAR0E3bWNJMWI4UWs
0B5ajqFwNbdAAejN1VnJQcTlyQU0
0B5ajqFwNbdAAMVFGUnZaVlI5cm8
0B5ajqFwNbdAAOWNMNVZKTTJqOGM
0B5ajqFwNbdAANlhHTUZJT3ZrOEk
0B5ajqFwNbdAAUFVncUx4dVhqV2M
0B5ajqFwNbdAAU2k3b0lkdnBTcWc
0B5ajqFwNbdAAZU5rTk84MHNrRHM
0B5ajqFwNbdAAaF9IMjNmRnJoaTg
0B5ajqFwNbdAAOXMyWG9TbG51ZTQ
0B5ajqFwNbdAARGJtc21pQjVCdFE
0B5ajqFwNbdAAd2ZpMVk3QkVQWHM
0B5ajqFwNbdAARE44NXJ4VjFITU0
0B5ajqFwNbdAALTRwbFpBUVVnRTA
0B5ajqFwNbdAAMnA3RlJDWmR2WEU
0B5ajqFwNbdAAWTVXbm9mYXRqLW8
0B5ajqFwNbdAARVVISTVEelRKR00
0B5ajqFwNbdAAMUZNaFlXSkJHRkk
0B5ajqFwNbdAAQWprVjVHY3pjeEE
0B5ajqFwNbdAATGtQckpkMzJ2MGc
0B5ajqFwNbdAAWlVBT0lRRzU4WUU
0B5ajqFwNbdAAUjlxXzVoVTJIaFU
0B5ajqFwNbdAAb05XSy1MTzlyTTg
0B5ajqFwNbdAAaWpqOGpEaW1Na1E
0B5ajqFwNbdAASWhqa3VYLTZ2dG8
0B5ajqFwNbdAAaWo5OUtPUF9pdHM
0B5ajqFwNbdAAdkdXSmc3ajJCd28
0B5ajqFwNbdAAajlMaG1rTmF2M2c
0B5ajqFwNbdAASXVuNkpGaE0tSTQ
0B5ajqFwNbdAAcXJwdU5QVUhWeWM
0B5ajqFwNbdAAeWtUdEFfbUEwNHM
0B5ajqFwNbdAAMWIwSmJjcmZabW8
0B5ajqFwNbdAAR3pvb3VHelY4Nnc
0B5ajqFwNbdAAU0MwV29HN3AtbXM
0B5ajqFwNbdAAVE1HTFRJdU5QZzA
0B5ajqFwNbdAALVZZSklRbHFfRVk
0B5ajqFwNbdAAemk3X2wtRXFPaUE
0B5ajqFwNbdAAaXNDRFVRdnNPcVU
0B5ajqFwNbdAAZGtMZnhORmc0WDQ
0B5ajqFwNbdAAcXV4QVBNdXh4Nzg
0B5ajqFwNbdAAd1pMU0xmellFWms
0B5ajqFwNbdAAaFBDVUs5V2RQd3M
0B5ajqFwNbdAAMzl0MUEyRFduRnM
0B5ajqFwNbdAAV2JvZTRuTDg5c2M
0B5ajqFwNbdAAMHQwYkk1aER5SjQ
0B5ajqFwNbdAAdlctNUVBbklrYms
0B5ajqFwNbdAAVm12ZVlpcElBTVE
0B5ajqFwNbdAAUlB0RGJxMnpVUVE
0B5ajqFwNbdAAX0RKOHdpNTNoYWs
0B5ajqFwNbdAAYXF4LTVQcGZlTTA
0B5ajqFwNbdAAOTdvM1VXUWhKUUE
0B5ajqFwNbdAARVdDNE5HX2cyVkU
0B5ajqFwNbdAATE9mOFFNeDFnUmc
0B5ajqFwNbdAAYm1wNE14cjNCV2s
0B5ajqFwNbdAANHItcm94Y1lHTFk
0B5ajqFwNbdAAWXV2aWhPTkp0Mzg
0B5ajqFwNbdAAQWpLUk9jNkFDdjA
0B5ajqFwNbdAAUmotNXlCSGl6U1E
0B5ajqFwNbdAANG5faVRweWoxZ0U
0B5ajqFwNbdAAT09zc29XSWRaQ2s
0B5ajqFwNbdAAdUFyZm0xNFUxVnc
0B5ajqFwNbdAAZjVZUjdaeXRRRE0
0B5ajqFwNbdAAajE5SjJEaXhDd1k
0B5ajqFwNbdAAY3kxekxRLTNOMjg
0B5ajqFwNbdAAT1Ewb2RQUDFkMUE
0B5ajqFwNbdAAaUU2ZUpFRnppUmM
0B5ajqFwNbdAASnhFeUR0TXFBc1U
0B5ajqFwNbdAAcURzYW9yMGxKWlE
0B5ajqFwNbdAAQXhxMHVLQ0FBNTA
0B5ajqFwNbdAAaGZvcWo3STZocW8
0B5ajqFwNbdAAR1UydjJNSF9WeDA
0B5ajqFwNbdAAY1ZOSUk5RDN3SlU
0B5ajqFwNbdAAUm5yTW5MMnZMOTA
0B5ajqFwNbdAAaVEtNXBQUXlzVVU
0B5ajqFwNbdAAWExZNmRXdmdGbnc
0B5ajqFwNbdAATVFzYTlnbW81Snc
0B5ajqFwNbdAANHdZQzBiSUJveDQ
0B5ajqFwNbdAAbjRIU3gwcTYxaU0
0B5ajqFwNbdAAV212cjFZSDRXd2M
0B5ajqFwNbdAAMW9ycHEyM1djRk0
0B5ajqFwNbdAAeWNyb2lwdGZWTDQ
0B5ajqFwNbdAAbGV4N1pyZWQ2RWc
0B5ajqFwNbdAAZVhRSjlUcWlMZlU
0B5ajqFwNbdAAdkN6bGtOMno2RFE
0B5ajqFwNbdAAVGU5T1ByZDQyWTg
0B5ajqFwNbdAAMjVnQlFLdDZBR2s
0B5ajqFwNbdAAT0NEdVV1QjZMZ3c
0B5ajqFwNbdAANlR4WlJSRDhTNVU
0B5ajqFwNbdAAUXRBY0lrNjZXcVE
0B5ajqFwNbdAAM2hWcEJieW1EaWM
0B5ajqFwNbdAAMXJ2M215b1RyZW8
0B5ajqFwNbdAAVllFVEtoUzgwNTg
0B5ajqFwNbdAASnlaTWNVazJYYUE
0B5ajqFwNbdAAMzEyY1lwdFM0QWs
0B5ajqFwNbdAAbjFZY3NhOWk1Vjg
0B5ajqFwNbdAAX1ByQm55YWRlOGs
0B5ajqFwNbdAALXZHS0lXYllaZms
0B5ajqFwNbdAAdTFRUmZmVUhGaVU
0B5ajqFwNbdAAMTFxRml5OXZqaUE
0B5ajqFwNbdAAYXlEV2xCU2VhajA
0B5ajqFwNbdAATm9ISUh3anRIak0
0B5ajqFwNbdAAZ3JGYzR4Tk1uZFE
0B5ajqFwNbdAAbzRJV0Q3bFJibTg
0B5ajqFwNbdAAdnE1MEREV3ZyWDA
0B5ajqFwNbdAAd2lMR3BDeUFhQkk
0B5ajqFwNbdAAM3RtcVM2d2NwU2M
0B5ajqFwNbdAANV9mT045cmNmXzQ
0B5ajqFwNbdAAX0xBVEM4T1c5VWM
0B5ajqFwNbdAAeEt1UzVlOHFJeU0
0B5ajqFwNbdAASlFxZkM3bmNPMDQ
0B5ajqFwNbdAASTNRUW5Pb0daSjQ
0B5ajqFwNbdAAOUlXcm5QdjZmTzQ
0B5ajqFwNbdAAeGVhemJoU2hWMlU
0B5ajqFwNbdAATF9SMVE3NndjM3M
0B5ajqFwNbdAAaHpkY25hd3BrX3c
0B5ajqFwNbdAASjZZeE9hQ2lPM3c
0B5ajqFwNbdAAMUFQY0xtZlE2VWc
0B5ajqFwNbdAAcktTaF91dmc0Ums
0B5ajqFwNbdAALU01b29vN1RsZGM
0B5ajqFwNbdAAckprTHRacjFncUE
0B5ajqFwNbdAAeUc0dmlDTFpyRHc
0B5ajqFwNbdAARVctZjZ0QTNacVE
0B5ajqFwNbdAAdmJiLXFsYWtUYnM
0B5ajqFwNbdAASERsNEVOU2lSaE0
0B5ajqFwNbdAAOUxFM1FCSkhrU1U
0B5ajqFwNbdAANU95by1JakJzNjQ
0B5ajqFwNbdAAbEx4QzNmVlpBTDQ
0B5ajqFwNbdAAcDN2ZTdGdE90blk
0B5ajqFwNbdAAMkJWckpFVWVnQ2s
0B5ajqFwNbdAAa1NBX2xaeGtfMGs
0B5ajqFwNbdAAUjJnQTdUSmlTaEU
0B5ajqFwNbdAATjhEWHBZZzhFajQ
0B5ajqFwNbdAAUzdvWVlibDZtN2M
0B5ajqFwNbdAAM085MWx0LUotQWc
0B5ajqFwNbdAAWFdLLXBqUElERUE
0B5ajqFwNbdAAZC10ZWJ3MTAtYm8
0B5ajqFwNbdAAR18zMHVXdkgzbmM
0B5ajqFwNbdAAWEVoMW5aMU50ckE
0B5ajqFwNbdAAZHZrNVNUZlVmUzg
0B5ajqFwNbdAAb2R0ZkdVMjk1cDQ
0B5ajqFwNbdAAVmFoQkh2STNhd2c
0B5ajqFwNbdAARlFYRkJhS2ZILVE
0B5ajqFwNbdAAbFFObm96MHd1b3c
0B5ajqFwNbdAAUE1UX2k4Y1BsMDA
0B5ajqFwNbdAAQ1VMTHpJc3RfeW8
0B5ajqFwNbdAASjJSTXpDWmNyeFE
0B5ajqFwNbdAAWDZCLXVCdHBRQ0E
0B5ajqFwNbdAAWUZJTkMzMU1qeDA
0B5ajqFwNbdAANFpFM2ZuNl8xRWs
0B5ajqFwNbdAAMmZQTTluazFnSTQ
0B5ajqFwNbdAASm5KUUx0Y012RkE
0B5ajqFwNbdAAWnFadXFyTmZfcnc
0B5ajqFwNbdAAbkRIODIxb2ZPMXc
0B5ajqFwNbdAASWZGUk1nYzFkVGc
0B5ajqFwNbdAAcTZCeWd4ZWZEM2c
0B5ajqFwNbdAAZXcyOER3RGE5VTQ
0B5ajqFwNbdAAWWt2b0FJQXVTWEU
0B5ajqFwNbdAANF9nYTFkRGJMX00
0B5ajqFwNbdAARjkyRVZFOVVxdnM
0B5ajqFwNbdAAVFo0SE9KX0s1S2M
0B5ajqFwNbdAASVdCbFdkSHJSX0E
0B5ajqFwNbdAALXRvanRKM1JHa0E
0B5ajqFwNbdAAby14VklvY0tqaDQ
0B5ajqFwNbdAAeVJ5N2F4OGpJd1E
0B5ajqFwNbdAAMXdJVVpQUm9vMkk
0B5ajqFwNbdAAcmNHOWUwWXhsVHM
0B5ajqFwNbdAAU3pma1d0R2NhT0U
0B5ajqFwNbdAAbk5qamJTN3Q2ZWs
0B5ajqFwNbdAAQ19kc0xoS2d4Zmc
0B5ajqFwNbdAAay1nazYtVW1sVEk
0B5ajqFwNbdAAR0Z3N2Zrd3ZJRFE
0B5ajqFwNbdAASUFDei1FV2xid28
0B5ajqFwNbdAAMTc0ejZkLVIzc00
0B5ajqFwNbdAAMGFkT1ZXd25wRFU
0B5ajqFwNbdAARHl6bWEwZk9mbDA
0B5ajqFwNbdAAdWdyVy1RSHZBWkU
0B5ajqFwNbdAAOUhSa2M2cGJ5RDA
0B5ajqFwNbdAAa2otM1J6TGlQWlE
0B5ajqFwNbdAANUk0MkxIWk1TR2M
0B5ajqFwNbdAAblJxMlVJQkd3dDQ
0B5ajqFwNbdAANGlHVDhZdU9fc2s
0B5ajqFwNbdAAVjZfUVZZSUN5NUk
0B5ajqFwNbdAAbTNpR1V2YlFfMUk
0B5ajqFwNbdAAcnNZRXd5bXNmZDA
0B5ajqFwNbdAAbURoS1gwa3RRMkE
0B5ajqFwNbdAAQ2g4eUloWEliRTQ
0B5ajqFwNbdAAR2RPOGpzbklUMkE
0B5ajqFwNbdAAckxsSjlvZUFNTzQ
0B5ajqFwNbdAAM3pCTWM1WTdqZjg
0B5ajqFwNbdAAeU9RLXczNXVKdlk
0B5ajqFwNbdAAS1pTbk1oc25sS1k
0B5ajqFwNbdAAYmFndUZKaXA5NFU
0B5ajqFwNbdAAUVB5ZVk0aVRoNmM
0B5ajqFwNbdAAYlF0OVk4NjRtajA
0B5ajqFwNbdAARDk3TjF3eXFza1E
0B5ajqFwNbdAAMHlPdWtLR29CNTA
0B5ajqFwNbdAAdEc1Zk0tRGpKMjQ
0B5ajqFwNbdAAZlpINmY0bDFVVEk
0B5ajqFwNbdAAYS1Za1FGUWxkTnc
0B5ajqFwNbdAAZXI1MUxoc0Z3Rnc
0B5ajqFwNbdAAcnlVMzVGd29TNk0
0B5ajqFwNbdAARWU0MDF0TDBDV0E
0B5ajqFwNbdAATGdYcnBVemE1MGs
0B5ajqFwNbdAAY0NaSGdPWlM5RTA
0B5ajqFwNbdAAY2I5SFF5Tm9VQkk
0B5ajqFwNbdAAOXdkdWFGM19Ca2c
0B5ajqFwNbdAAVXd6ZVd5VWY1SVk
0B5ajqFwNbdAAQWNScUl3bUVONFk
0B5ajqFwNbdAATXFNNjF4WTJ2RmM
0B5ajqFwNbdAAZFd6bHRyUEp4WFk
0B5ajqFwNbdAALWh0V2VEOHVlTnM
0B5ajqFwNbdAAOGhLNG5zRGgyUVU
0B5ajqFwNbdAAb1ZpR05EX3R6Slk
0B5ajqFwNbdAAMW1SdnRnSFZncU0
0B5ajqFwNbdAAMU02YktoTm1tcEU
0B5ajqFwNbdAALV9BLWRMYUZLUXM
0B5ajqFwNbdAAcTVVQ0R0cUlLZmc
0B5ajqFwNbdAAdXYzekZxYS1ISmM
0B5ajqFwNbdAATWZoTXVQRUgyQ0U
0B5ajqFwNbdAAOC1HNGlfdzBrNjA
0B5ajqFwNbdAAVVNKcmJNcmpyMXM
0B5ajqFwNbdAAbmNNeUdPT0tJaUk
0B5ajqFwNbdAAU1U2VXktdnhtUUE
0B5ajqFwNbdAAUWV5LW11UURqNFU
0B5ajqFwNbdAAN3plLXBuUEJLQnc
0B5ajqFwNbdAAQW9ra3lpc3JqTU0
0B5ajqFwNbdAAZjJuYWRBVGlocnM
0B5ajqFwNbdAAN0gtekVsYzJZXzg
15QTDRArWX5fL-GCc-9VvJe67iba-8AKk
0B5ajqFwNbdAAZVYyTC1tQ1Buanc
1bl454-IgXTZY6T8MmHr9SLGs9hO6N8q4
175dk4XbRkQOj3I-ljuHnsbUHgRnI2Rpi
1LeNrgitFtyFrQXh8zYXikB3Q_giU8iVm
1IcVKZTW9eWvqQdQiYHaJE876YCA60chQ
1qBvN6MIHahVHdQU5xXnjR21o1VPhwecV
1SZ698Pe2Cv446KzhElY6yqXGWXwR1Jql
18WqMkm369tac_DFZVEOxj32oI2MXbMgq
1RMKlQs6nrWEZkb8Hw8yxuGUnAgoZc-Dp
1qMO97dkKlAdlxkzY7xvjgxrdcGI5NyU1
1QiAZI9_tCAjMHIGIbH_UMRFo6ocJMHLB
1DOgDo65PZYiSjk84PqX2HkTDykRNbb3g
1gMtU0Ul2WbD16R1kgwPCwW1z4J1-3f_p
1PyfSmMPB2m6onhqmnNXX-BwdKorPxvRn
1i6_tDOdpgJkxqqc89hNyoavKPRh6j2C_
1B4Sph87LiyWE9E0HxlN4s75g84syp9QD
1racuKFcIn47PyG28X5ibgcHUBXWRljgd
1F5GCuKLiRsrmRDq7eB5fgJdfH6Cml5yU
1L6jcoALuW88z5yKxO0NUK_iZEF0iCYuC
0B5ajqFwNbdAAU0d2ZVpaRnVGOUU
1NOxneABMgkVep7H2HxuO8c6aNZHDeoSC
0B5ajqFwNbdAAdEFobnZIZnFOQ0E
1DomWze0RM_BJER-4LRMw0hHfaG86fF40
0B5ajqFwNbdAAWnpTcWVrenJwbzQ
1venyJn1tIwpblMv1CQAR7L1vd_2PnYfH
0B5ajqFwNbdAAYmZEaWVhUXRDQmM
1Uf6oAELgW73RihUthOhlupVesOATS9Ip
0B5ajqFwNbdAAekVybnF6WGJYY0k
1YafhCS22oXJRRmiKpXfSJO5MtaBknVD8
0B5ajqFwNbdAAQWJFeUpvOFRxNjQ
10exmdTgGpFI5iOgfYQes5AqpXxaQXcub
0B5ajqFwNbdAAWDYtYXhiMFVDWjQ
1T1RkIfcf2rJ1P_0n7UcjQbzmNaCcShIZ
0B5ajqFwNbdAAZmxkdnJXbzQ0aDA
1PikYXC3JdNqj4kPwD3jt6IgZWiG1xB_u
1XsOo7z2yrOBrY56ugxXQRhyf4gmhvebV
0B5ajqFwNbdAAVnY0MzRfX2ZfaDQ
1kruiXnlIZJBkhv_y9K5mAZim_9R9t7B0
0B5ajqFwNbdAAUC1RUWRhZG5zN2M
1CsDLVZtcdT5gIMlRf_1br6T3jP5wK535
0B5ajqFwNbdAAdVZ3amkwaG9ZNjQ
10VdsO50ExEGRFcuQAuavKN6BnwQnYLrB
0B5ajqFwNbdAAMnVjNzhHRGFELVk
1Djnxq-EoiXeNGUVuyWg_HXB2TlO9zqMx
0B5ajqFwNbdAAeGUtaVdSaFdfOEk
1DSiinrg3bim_SDwKUA5ZVHD72W0aWoYp
0B5ajqFwNbdAAVExqRlhZVjM3Wk0
1uFBIEycax_g6kkBtpUAmmbzKuSQ3PfJK
0B5ajqFwNbdAAN1hUSUlzY1FxUHM
0B5ajqFwNbdAAc1AxNXB5d1VvWTg
1gBLerg2MYQwH4TqxmlEw-3oFYkP_lpft
0B5ajqFwNbdAAT1UwU3V6cURVTEE
0B5ajqFwNbdAAZ2VyZzh0bW1zVkU
1qK8t6FqxlBo-e_Xdvc0vdr1ztKgC-mGB
0B5ajqFwNbdAAclZlcTZ0T2VDWTg
0B5ajqFwNbdAAc1lZUVlMX1dhNjA
0B5ajqFwNbdAAWWpwSlpUY0VaLVU
0B5ajqFwNbdAATTVIOTJseGNpRUU
0B5ajqFwNbdAAX29TdUNBRFNWMnM
0B5ajqFwNbdAAd2pkQmxVcjlWR00
0B5ajqFwNbdAARERTbWhCZnhuZHc
0B5ajqFwNbdAAakJzbVNKZmJaNG8
0B5ajqFwNbdAAdTg1d0k4OXkxOVU
0B5ajqFwNbdAAVElvSG1aUS1xMWc
0B5ajqFwNbdAAc2JtRDM1anFDZkk
0B5ajqFwNbdAAYXAxQkpYSUpzTGM
0B5ajqFwNbdAAeDR3Um9zeUJHbVU
0B5ajqFwNbdAAMm9ZT0I2elZkZEU
0B5ajqFwNbdAAVW9xbElxMGZ5aWs
0B5ajqFwNbdAAMmhvczI3M2ppMXM
0B5ajqFwNbdAATEFYS05UcFZOMTg
0B5ajqFwNbdAAcGNKdkIwNmFIb0k
0B5ajqFwNbdAAdUtQWXFPVnhHQWs
0B5ajqFwNbdAAM2NMVHJ6dUx2OFk
0B5ajqFwNbdAAVkxQc1J3TFRQTGc
0B5ajqFwNbdAAS3p3aFB2ZV9LY2M
0B5ajqFwNbdAAVVdJNEhTcGpaaHM
0B5ajqFwNbdAAVmtDYlNkMHdzd1E
0B5ajqFwNbdAAemVSWXd3aTRZczQ
1AKBsIxQ6kbXXhfKIVqBLKAG2Y2bXp1xc
1qiZVokHpy6D-JCg7JXNHy1mOTefFASux
1tm_XfIYEV8sd4_p74R5mIaA6lAkJ1urp
0B5ajqFwNbdAAek9MVlRTUEhWNEk
1AjoRhHWJ5qhq0LjDlsaUIK4v3NfLrS5D
1t4fdnd3LMV64vA-8DPADqO3kex3FP1o2
1McYuhNhlSOBw24FOuQFRfaM3s4qT-1qD
15iPE-PELmwxeTomtYbR1KgcaG7OWVk9R
1JBY0jWXcUFGlRdLWuXQJ0gAH0bEgOLqs
1sQqyLA3Y8Pp3cTG5BPExQUMEy3rd1m_G
1MQ-_ZKpp8HenUAAbL-CIcerWlb3AIYGt
1X3WNQitIPsNhKwVPxa-yVNipl-GajKNm
16HJ-dpWfW44UK3Tr5i69eS_rbrB9PSWV
1PFESD40AT8i0h7LPajvaoD8Za-JGymD0
1wKCMCNcl-7702TmmOVV13TCzrvGLD9mX
170KvF95P8cJeFU80fij2_Via74R-oflR
1gaE7zTwKVp_Mw2VC4-HBZICMBAHIqbwR
18G5BuASJQC6QU96lOxtfF0UwOQmZvbO-
1MvFg9dN592Ct0nPyCe33_K6UQYBkTMmq
1O2Jq5dYGjCFOCI9wiXhz5hS1YmmJ0ofm
1tk_tOSHEgH_Ls_ywcqG7LOqEwf6SLjm0
1I7kARyCPe2WEddgKONumC8X8g8x6FRjY
1dUCCceUY1Ymn1Zyh-SJcixZ3VNFaMuRh
1LirFdtFuhM4rI0HRM33MhvWc7otb6JEX
1YqyZq02Kj9SznKCWgSlUrfQYwBWgOcap
1rzw_1hNQB1Er8xW7TIWJHMkcpGvnVpRE
14yoFOlEThTqfXzn3IAbP2fIyJxdhp6hO
1rP42Ot8pYGUqZMlRnG2JTftdyw6XdGgY
17N4Pm6wMiqq9n5xs5TzdU6qIvM6APYuR
1mi16y7CeBPRFWzUSZy8cJWAJn7Fr3FON
1zyPS6Z8gzV0S_W8wNmiYaNLMxy9B2RNP
1MmvJIYR5H7CeQEm1Os6eUckRZC_2lPVi
14rA7nBFQrC1a6rOothCo1OV1FWSVoEIC
1BQSKOY6SLoY5BcR0a5qqNcUY7v1OCRgI
19NJIc6t3ZY8C8_44jCO_QQUGhkPv2IXx
1tXgdtiEV_5Yaz93nhjThTtxzsNY9KdE9
1UMQ5q_mBVkK6b6zIlkxzf5UbEeNVdp8S
1Rc6zfHcLN6M6T-bvwzNfqtZwS6z98xpy
1ZIs3Kj5bljPFY8D0GuWZ2dhcYum69iW6
1gkpreDSFuBLXWnM816qvINz3foOrxGqm
11fXFZCYnpkMcOLoXn_-fiA81-4nL6y_l
1tabVw9hCby10LS6SpUo99EO926BZGPeg
1f-1IMziKSVxx6ru3dGF6N7De9McAgBVP
1Utr29ZfNicT6o2v4cfJUdAp_CpIqQu9_
1opSCF82MaSzJ6zDl6VfYE0PVg-hrDwuq
1q_Qk69wFK9mogLTuy9VqDdR624llb28W
1Sev2Aq8JrE0tTv39WmQGbQ0-Qtp3_vB7
1wRqsGVl8vpr8oK6fTBMfJb-yr4t8qKJ-
1RMcR5STfL6SejjLLaNiY1N9X0BCbNe5h
1lWaHNMK0L0_26QHZAk8K2dfc59587-0L
1iQ873fk03VUw3VFlaXiFjxx7qQoCFgub
1G5gqmwy-k1kW1kfxdA-K-TXU5gaH4Ie-
1HKOjXjz3T2KTwrX2wIv4woypdV_yquz2
13W5RsPhMrHSqdv-WxLY2lDtMekqt2HKb
1Gb3V5UkVmL2_A7M-h69CcBz5o-esgrrt
1qIcrPC8gNoI4RYOV7g4gP1Ee9Yo-CyuT
1PwSTON-coVt2_-x7rx-1rhOKKSrhxV0F
1bKAAp7kcatkthvhbrHTovhH4xnMmFBJE
1eKrMNRsjy-dq7087ghOhnmv12sycNOhD
1gFCR1P86r5xRBFAUKOuXTCpRATjeCoMz
1pxEewzjXtGiyvRP3SjbQlnIoal4nfh75
1_23IWSxtn7vETzUge16WyizDTCKFPuWl
1HS0fu4UZBC0HMvjQlb2xTl-loU5RMJwr
1K9TnM-rO0ca6Q9bzt9NV2wa_pMvPahXd
12SmQJhiNsdXRozE6Z6FcOFS8ScWmbZ5E
1ww8yCIHonNx9MzAsF7nBavboEuCLlW4W
1zw_MtIquVph8u2KEnck8nXrmGB4w9GIS
1ki2QVknlJf9x3fA3mySp26SddQiVeYhB
1Azeb9Ppz9BIK8GO_yPQEuwcaU_8m4CGp
1E_2t6QOCyUJRJXpKlHBeFXJvidO0eVSH
1a1eA5ckCJkXhMnUYTYl2PTP5qj6GyEYS
1qggSY4q54NcS67pej-n7PRDEJ70tEERL
1WcupNlZOAr0KSYKGd5NOIB_rJSnI6b_m
1NzcvazpcV6aeJvtP1zlP60xMicv_wfPq
1Emh8RfqXLaW37go4Ns4_j_UlZAwkN92-
1IcKImmRZCc4truN80-upBIZwKAcp8ft2
1lETZnBhVwAgNeQzCLbBhbfxF4SDo6qK_
1gd71-dv_20K3gmio_IgnrG5QPtrn8Xa5
17yCav2rq-9Xd4Zh5-ucVXNsxomSLcs0X
1R72Tmkf4RftxqQ4krWQBhKrcHIuFfCvS
1qY5zsnvzMlZJwFH_qUmrIW5t6-QvxMp7
1AS7eHEpZT5VDGjDppMA_Lfo27acbYD7w
1Az17LM-qFh5I0Mb-2hFaa83phu2ezXmY
1552A2U5d49AOjIlwqiFHY5IAeFmEKrpz
1DPcjF_K5Jq1pe5y7O2G6X4HkKnofE-Gy
1bx1w7vpBBT1ZnF1alHQiz2MczmMYrfr_
1kDnb-6-YrG7lucMA-gxd0fqw6khOZXmO
15ASDaijgZmHmofBkmNZlSrtqbz7jJAPe
10UAha3RWWK6P3ClvgNR_WUGZkalrpdiy
1TWL1yD788XElzCeR7Ka3ufEN7f7z900B
1veaekhWJZj5uqaD7j2cwB_cGiqXWVxNB
1VdCSL7rS2zpIggcC9fx4qw9hIoIEmEar
17248WhwIsHrLOY461JoeJ8nuO6uF9YQp
175wyR8Km5qoq6vGsAyzF9fN9FvkMmBpI
1vUYLZJ6mehItBR2BwDIbbNNEyQrF2AAg
1yOY9vD89cEcKN5_suBM0mlxqhjZUx4i6
1PEGybyHFBrNN6igVv7lgUcjO2_7wLEQX
1p-fVrZRqjMeWIDmHF1UHa-dL1zxY4r3T
14K80QVZ4eopJnPp6Hln8Ns6FP2hmsn3o
1RIG-9SVWZ14A8g4IK3lhv01R98XotRkF
1mARRKD0Sn2AQs7iH-KLyFZ1ZpY48J1Vv
1DuC49VsEckY_0tchklGvLV0ruYxcRz_B
1MhRlJ2NE9KrNOY9Zh2VJ_FWF1L0zeECq
1vNqsYiUKkWRmtz1Dn8SY0fNgZvG6U2Dv
16fQJfWgdeqSCE2cIjzgkBUApry_9_enZ
1yiiK-mzTIv6Va51mEgItouvyrG9LB-tc
1EXbfz7SqyEklXcA8H00tILCrwV_YfvD8
1rEFchGEnPc1Z6Qiie-BuZvoNW_nq5mMh
1wwCiLjpcs26wW9D2HFTxsGX-L3ATau-l
1PHHEpMOJmPEYzrif6zkk_wuakiA01WFX
1E2gLkRoj8D8a0ZQwgWX_y_GgpTX-XryG
1cnTfZgJPtI_BiifsFC1pjtJ2NMMv8oCb
1vR9c9z6Hzl3BqwKhOL36-IJiZSbJtXZe
1hqwHi9iLD_sAqi4kZogqw2FVPQ1pVqLc
1sRB5wdOjDy2Pkp1N0nmNZt4-bHiaC58j
1-z7wgrSfahqRf3lT1CKWemMP-YISG3fI
1ldMj97wlVVqlRFtQoh_TTqMKWA7fBdeg
1K6m7xlKA90wip4IBmzhCxh01TuQ9uT4k
1aeaqDMt7ISv4ahLFxZX-pcmF6yM5JNVX
1s7j32TlJbyhB8ERHgW3Yr7QhJiVSL5ax
1CZbFmh0tWaK_kb4s4htMwdxM9sqqGYGc
1TPTO8yvadH0CVXOtu_sqCPlevbG5yx0d
1u9pnkk2EX6m9-8ayAawBMWOaylarWXqB
1rLX_rT7dMYuJHUtkJcEv2VzivJHMbiis
1nVc_NpbZzNDKg7frnj5_SGiJF9K-FcqK
1YNiWeEKAMoEjkiC6m_6Jtwg2heVU2Buc
16bKbBU1lgxu3iBnpxS4DAFjY26GYhO2A
1D83pzIJ0LkuB3IyX95us4XQUTRCv2_9z
1h5_0DR3_zePYZKo9bbBlWO9sAuck1pJl
1fTon24ndwh0Dz-RBiX5wWz1YyFqLAydI
1nXGuCPpv3KC-tlK__I9IO8XSUaACIZQg
1b1TGdmB7qb_3OUxXcY3lk5LKKBPE2Is3
1w6ZmHHeynp4mmkq2OzkZSvfE2jJAz04q
1YZWmG5fXcyNq9YDQsIDtJJ3ZfoR1T2R7
1MPYtSO_Kd8elSpLgIQofPx93LNdphun5
107llwsmHc5TL-7Pgg2FlMY_Y7PP5IttN
15REVH2DAde6A5UOVdjA5lsU0LvavgVHx
1p-WaJp3t7RYYXFQx-fnJFz0gh22Grj9n
18Yh2VCHeVRXiTHxxODaTIprIj6-efgjJ
1_QOqc54zHYLMM2I6ZNFwez4XITQ6dKfG
1ELIoQQDHYvVcKM1ZvQrTIaB17WG62DMU
1SfP_VOZqzzXblvzmrw-86wG38hJNA4Na
1mLkcICnfphFddYgQ12715CPtIDU4HCCN
1uQPzkZ8o_tnbzpiRLpNrxbfXdDTu3wyj
1ziileVFHP042r0YBXfwpjGu1uk0T_dlc
1ctEgSJL5unq89pgSuNTTb2_dK7_f_cKq
1-UbyAyhfXAT_MdRuNjr8Az_l-P8CwsxB
1g6N-I-DHKhD_-VCHNM7nyIS9t1JZ27-d
1l1KNx9C0LkwndCPTubqUwgrMrxEzrNrC
1YI7Z4EDlbwYn4OdgM5wM3EnUew1qK8Ju
1qPwIkFBQmTOTp3HgIcsOscLNJpO1_yfE
1Ru10X6zrzsxHkIQbExyuMFfS29RKX1bu
1EeoRvWVovSUnwK2y0e_mPWy5LpdMCGPh
1gAdL2UCXMBSqP8uUqhb4Ahy-pJBlx5E6
1pw842XSARWxz_T1K11Qlx5II0m-d7-tz
1xbjmtESOemi_cApNYCOBd-NF5QmaFB5K
1N6XQkAzUXYkQdD9_iJpPVixeLV95QYyd
1z_uAFqa5wgirsbSBZkof66KA2X-T1PcD
1_A5XYfyZZN-S6gEhYfHuk1x8H2IRwcbw
1ycXC28Z1hiFwAFg-g5SPugP9zPt3uHqQ
1C_Y5Ll-zW52s_R8pCBZCpyEycQXRN2KO
1yGRVFkYwn73gSokrUXMpBu_2lA3wsYSU
1Xv3pkuLOoFcT2DPagcbgrbuY8n2FwU4l
1KAVRVnHkJoE_DdkqhSk3Cy6tZ1beN_Cf
10JMHs88yjlLQtdMhyVW4tIzrC8LpYCbs
18KBF4JFHV1584Lpny6eNXdoSvhxUsOGX
1-JPaWxASJE9YBsw_lw9NNIzxbiPykH5x
1TOXgXhok1_ZAI9L6KFKRcsCHAETS1S4A
1GtG_5Jij_5DlJAxa0uv7DsEypBwMcd-f
1Ew5rxQkFfvaJyA-lpwMxrQw-vd_evtGW
1pUyirVD08WCuV_YSykvQS9Thvg9z3nV4
18--J1L5lMTVrH0TdReB-F1_9NGH4bSoJ
17uHsxoz375UrwJPSo-v1Im6Nr1GX71X1
134ZP-moeYHhCxWNPLKwY_2O1Cy0rsz8p
1wYlCkAj9m67Tg8T_PKVK-FZPOl5mO_xy
13HbmwSv4FmnFZ9yjKP0A662E_oTRmQvB
1ny7_f3DR_k4Vq5gys0fQYU55i8NvgHRj
1MYA5UFZZT59CouGKa3K1nxD6PTgB5aT5
1dIeFzmZzdu0bhANlXiXyZrA_aM9fZNXR
1lDlhjo4y6BgO_Hd8-zCkrUDKYrndIPaM
1XarHRFq_TPT0z6f3xfSDDPCQ3o8v-y-x
1eQ68TyESEdB_QE8c1aZQ2n2oCnwbVcBc
1q0kfKle6Yu2-EQZW5snzcj0kVfIGZten
1fe08Gv5w3BaNeB-_tiJpxRxSew_XuTXa
1E2Nmx8kd7Ae1V7hkx_X2EYunHhd6sus4
1oGQds2ZmLi0CIfaZMarjIgiQkK_rRnJU
1y5S9w2G-NdlKZo_lvsBIFI89GgSQFm9W
1coaMgTDcmN0xPduZOK-h6_va3fAbKZ6g
1p2sI3geTxyN_MVqmTJ04khNE8rNXVMDg
1vuKfgDqNIKh14snqJ_3RP8LVuP_Cf-WM
1UueL386QvCwh30_S2_yKp9TdQgZoooH7
1bpl-IorhwvyzV9NZlNiSAhLgZ9ua9Uc0
1KndF-nU5IRuMG0bzGhDEAeiMCvlhBP5h
1mZhYbfOa2kkpoKMqff37yy53kmCvpUpT
1nGMQBypkrYRksOnBDSSgClT22mARZhnM
1jq83bmMo6_ukU8KxNfkfqNVBf12GKyi0
1JBssrRJBhSJRNPkcQ1Squ1YKk8wH7xFR
14ZxV0aGBsFLtzBs-PZtUzM_isAfdQjul
1WrzdEirDYoEpgWTULCeQQUe4_-xm1ezy
1Mh9ID1g5zwQminBevh9JjzjkJKwOwGK3
1CXzwp0kP6jnVcb-MT5td8WYN4GsrfA08
1zsrIBKkSnZ8Efu2nmi9-jf-udOBkNpBT
1vsLAXRQniAo30SqFsA6BMolHntugnN9Q
19T3ucWb3ti3LuojtpvSDI18A8m-BYw6z
1p5h2kEJu_cfpEr47Es1tngtumUabCXoe
1S0WiVcmzuANR9f-GDWCzSmpnc1l7xehF
13PylYSnKD7CzyKvWlS8skBK3-p8-1-ni
1c2O8Mz5x_UL_dqTgde_4B6YUu0OXG8Oe
1_eiuYtgf1Xo0WBq-xtKKE34B9RPc6jRK
1RFy7R_pNGUXV1_0AhQZJY7caP1R21t7J
15fl9fDGy2eQgl6RJlanQdf4TMTwoXbox
1LRGKgbhDjRnxd7khGlyIMp4QyaMzSM8f
1Ryd_ck6MTuywvpUtTUrxIGvajK8hqLTV
1RyAiC0Gw39K8qr1BIUZYfMxt3PEpljdo
1GkBOxADZV4ZXsPX045XdtF9uD0nZGUjD
12D7-74KoiL5AteDMj1LwEHEwsKFMDI8m
1dbRKpkxS361IBuKJHWNKldDq_DTvPVOS
1tSEkaqSCXtrVtida5_ymXJBcIvbUv9xY
1fa3nUnS7HK2LDv8TPU7wfEhS6RXTVujL
1_UJKQbmvFlAhXB9ipjhclpv3djPj7z9C
1tIBw-zZFFUCyT_iCxXK51HqvxtTnAC34
1HoAVySEvgXpWzOa73U2mhR06AOLLYn3K
1aw1LL90J0IeZLtT88bPfHZu4vp3QAptS
1Naki4JFwCPmbiXZg2WcyPgV4PyclTfuu
1HJw4dXWU180dMNY1xbJw-fRzqF1ZVqGS
1azAa2NbsyvSAnKBX4v_yvB1fODazog5L
1oNFUnA_l6jDfFs2z9rEIOL2tOhBmFXgt
16ZQAytFWogy0bDpbNUmrHNMA2RGtHWbl
1nhK8BijxQ8RL_SJoTQFyWXC9TzRufCTj
1tyuG19jlzMeOYNqumclTbc9AxNkI_rJq
1jIF4B-pi7BTMaku5B_srgGn0Qs2Ppr6t
1rbEWVmKoMM96xEaqwYRoJhmek1rBphzQ
1Z2gzo5hnKEZZWGGqwwhrdvC2PVcK-SaZ
1H4kOm5N8C-c-s1U6rlLNPzjzwCwcVz6S
1xGPpWjcORKhYs5NBSLb69dpvn5d3x0nZ
12RDw4rCxnIP3XIX6BP-iDFLvOQafSAHW
1RlI96rqw6HW7-ppEtX7_6QyptEPboQF_
1btkwZSV0aFusEjGZn3SFVI6ebyUOUky-
12g6_MEK6fsvsbLRLwFzMq0ZpbmGCMDOd
1sECdGkwHDvu9YauJAgUB5K_I8X0-PTK0
1hwkN3IfHMSFj3NJGGiDD96-taGqRE6h1
1Fw1crZfeWCMih_QvPfrHx4nAwwCZcDfd
1uB4zN5821Co0Ao15L-4PlsZscSn6xKB_
1cGmmypuBkSz_87tryIhPIQ9VSeHL3NNr
1J6rAwfDQNwupqj7Ay-LB491UZQsv_iqn
1Fnbz-sdaoXXJNA647ZwFU4StITlP8Yn3
1qK_uig5VNot8PMcCSKB_J7-s4FTWQiFP
1Swl2aAJDl0D3aJfEr0MIjX054Mo2w2oh
1nruVdKEVgmkTlOWjzD7PGNXtyx7L2Wbc
1gE8RQXdH6Nyk9yLvRXpEW4FJO0JKoC-s
1v8gRpd715ZNbSH1aRH3KYrepweAsfuW2
1q7LoEoqWZ1YIpG8Lczy8K1pKVrDpw0gp
1X4qU_4NOxWIbIIrlKAyaCBSAWlc8D6vl
1Zm-Txd-8HMXQkPbYj_X9WAAkUax2DibT
1K9Ghzy7V7iA4Nyyg7YHZViPd8CJGe1pO
1z1LuC9TYxLGRzNKUYx7-rK9YTCd7TkiK
1bW-hzacdhf2seaX2TlWNL95fRjSZCARE
1Kl9Uzv-Y2cBbd9ulMsMgKg4yeHjqWYhF
1r46nXxSRSf9_gzm-8io-Git1v3qdZI3t
1MTX4y9msrWxpkSHvVmMk7nufe-82SUx5
1XYTjeSujqaqFz47-_BGb-oSee0T-jsT7
1K5EntyFvKKqqy1ah9J7puuwzyO3DkSYC
1kPpiX0RRRrM1MVBF215yDSgyu5W0AOuN
1xM4RQp0hD7vQ7SgsAI3OUS5EueYHd5jH
17TM6IzhScn6EMDodV_s75Jc5-05LryrJ
1gqbCUNYm1S1x8vilvaShXumNxKsw8uaT
12gOe6PA7Xq5G8dRY7By9p0E7VsI0yyMK
1OnZkFnkmfBMz88cIu7mLV_MpZ-WUfg2m
1-P1hcTDoEbMyboQjv9FbS_JQV8qhCjE5
1GTKvxhOxRksC9DbJfdFnKaNCKKWUeP0A
11V05BPIpyusowCYsS3CVRL1OXrtvNh7a
1ag4hKp_EsRw_9f87Lkt0F0fb4qmxA-_G
1OJ8JKI5hyQREkG0S8lKOvuC2vXeGs8po
1xk3l0kOgpwsbq1Y3rr4uNYFARqbEBqmN
1TjrtEF_7QBqK4511qbwuTBsSaMqqctzU
1JhupJuWIjEIrhvuC9iLByLskBaoii47P
1NKNaepnwdLM7d0_nQJy4aHx-I2Yy_h-x
1r8Hc-aXtD119BsOWahTBIbr2GgzE5pAq
118iqVo9npkfmH92s4yBxMzWU6KEQ6Bue
1OMZqIhG-Nky5DCPtqUaffI8tpJBv1V_T
11OjbSgjgzVgq4oRad5F0HgvZsgNJpiBJ
1wtY3prk0VI5n4EEneH3te9MXjXD0ETTN
15i7k4_IgTA_EELo8VCtsiwpb1oUbXxEU
1EPxJWN3DAwxLRZOd0i0bZ7_8LoWkpdtM
17OgoVZ-UrTLvvcqqjjsfG7CsQlo87-Zl
1aXdCgdu-I79gEJZ1L3fp50We3g1Wiw83
1oov83HNZ5KhMHQcovCFTJLKBU7Dtt72y
1Kk3xH-CdRrhGvWkTfGV1wPOIipBHb6rf
10FJEiVRWci-UXzvsEJ7PZIxpIw2qeltM
1uPLjeJO-YdCC7qSzXAgX9BdLV2vDELcD
1MLvFkejUoTZwTy1yQjSMOWfRrlGQc316
1MYQxKQ0LZdX5djXLSWH5yFs_lzHDmAtF
1tjQ8NoXTcCO3bfWANFhT_fuvO7eqrdIR
1tBmiyggnyhQaAlxdKN4_zpNzRKF4gSem
1zQZbnbev1kVpxuOOuAj8OSd_Qh8u-deR
1HnwApNpAXMGMD_E6PsBWhEvgnfi7lPjT
1WURvlnU2TE_beIbP8T_bPTiz3yhGl_J6
1UOnkYKoBJZbaP6Px6-6tOUK5uLJkDwKL
1htj7juzqEug_ygv6Fjjmqrzq_-_9ZSJt
1wTJAeR-w4TN9Qkl_yxWKsMPbtXAZ9MXI
1xzbZwHWfxaFlToHPcftNBfYtcarHSawp
1kAX-OiN-b9PJX7TMqCABc8mJDTNlQ2NK
1hBYAso9I2ucsgL0_HYGUOZC3nts0RxNg
1SZ2DVYQ6YW5EaqigwwlZpiEHn5VrYiuR
1gH8o6xIauRYaYH9QDUEXFGLK9p9Hga6p
1uqc_wZGpAc9cKsjbCsHjmB1GwsGXuAEH
1z28oB2Qkg1n4p1BA6oMxqhIqZML6XN8b
1Aug9JkSDnL06-EcM_WWcfpDXpl8EmzWP
1FhetMT2YnubJUw0S1EunQXXDkNzuotHG
1uAD9_wLa13TpF1TQCzqLEwUVi5NZ6mLd
1DjFDdTVsX9E9fNyaDLVw7g9BF9inTT-q
1DVvxE0JMIV2JQ_DwPUkOnpw-9yj7Ew9x
1EZHvG8ziDc0bpWd1byhbfn2XlrX4eUKU
14OOuPEp_q-k_g3gbgcQIu8P6Vv-DS-LF
1qego5yIDSoD1O0GEcWuWf8i3KXwDeaTI
1kOKDkeaz8J7OniypJgeqCv-Yz_a4sUKS
1KkqBbrf8r2cb-EqCXV1HsNueOj45vp0S
1yNhM6KfOxHCJS9OoV5uqd058B8MejxgM
16ZBTt4Wdq2Ukx0BmXP2p0s8EAOBDXksY
1UqUrV8g5lGLLtrqMJE0GpoAzoeWz-XWg
1i87T2K67mwaHhqlYCx9-4WiUg2KbiDcZ
1MqgptHPMHcZCXD54A58lrx5JuivbExcY
1gFC7MLfVv9PF5l1cesp5GUOpQ17zSJw4
1UER1K0qHqnAFD_RHs9Me89N6_fzdV87Q
1uPd8lHRu0TZYX37zJ-nUWTDVx5tq8ZQw
1G7S480ucRVyZeWbnl7nGRgy7PJ2rEvAf
1ILBYq9wb4iXboFms6z0gOUr84wk53XAC
1U7WqAOJBINlAkq2Ou_BGqjzdblU96cMz
1DyuJAGRz6AUku6hX2wkS63of_vyraZ_j
1POcO8TS8D6BXjElL7I2JufEbiMOjWStY
1z_erGNzZMrpNGSOL9rrS0x51MFGHZqaf
1cNLY2g8eDi7C9zhB0Z_Und4S_36sT6pH
1bvrblSzMM5zMtMkA6KqjSd0jSZWQ9obw
1ce1Y1JC64nPzuc41yL9QYKzQnOpwzKAN
1eFZxbifgZVqHbee1qUEoBm8OuRDloEfR
1fRJdz6_bjsBQjtKOUhWzkrcRmnIzjOjD
1bpJGdooYQqNP06T50nLXRJsghZlY1IuB
17R0Ig2MFrZFeXfI0tOwlJuoSgQ8MfcaB
15_w6gbGgv30r0DXWBt_yfTdtmYND9STq
1X_kRS251bsHji8RuOxgAAISxosjfrpQo
13y1em-2dynj2Ok5QvWgA60VBFj4tQvBv
1teD_k3j7BvQ0woILPeoo1rxpPVL76XrU
1xUnQELnPaCbPoraH9ObLpaCzu1QpAyTz
1juu0LzSfMEctQvJtXMnbxCnXWTQ8oLQa
1LfNY8-tC5Zv-poZZ0qhsDCdE_CRzEwMb
18c5NhYt9UZY4xYhXf8hL0X2YtUQ4kAnp
1wVkYi7_DeeRm7NL9YwLjDYcsyDjpMJf5
1KOWaWeYT_tCXUQDQD2BEFKCIvjDT9xwi
1FtWIUX1Vg6xGm5lXctUcKiuk-NkkEgON
1S5MdhGE7kbwXHLgYsaqiRjCTjidBn1-m
18NN9LnxrN3P-zrlDOek3rpZW1cU3Z8Rj
1arr0tyKECHlApY_gKXqOPEQikIHOZyzX
1t76SPbC_Q7NevtoZ46fKXOIB4vOqu_tF
1qHPfDu69jvk66xeBydhHJBCBcAIn0Auo
1PwZv5RoG1D_mHjBcBBt-9goFG4pAgyLE
1U50hKqoHdWh16qSiIvfDpM_ugOH3ueFv
1LEs6ibBaKhANbClq3giyAZ9y8hvdCZ3M
1haj_tuEz7vDzLX85YSG-1Geg9LrLnjHr
1O6Ddrwv0LCjwoZjDyrPGxPzaKY-KPajE
1QKQb4yFS-sSyhBPAjNeEth071YqidKpl
1ojVIyk3FFS46DWM5_EKhYBlz7i7CWTx7
1qcBxa0jaKtr5wmDMO9kN_H2s4vQzlMtW
1hs9ctR94CahE_PEQ3LXc1q_jZ134Ll1D
13Eee1hUSuQmueujZ_BQx93zUtSPASEzR
1EeP6buESRfjQ30MNbzxUS6LFFtfg-xII
1EXmcujn5o7qEPkOiW5adtlNZfEpbzxOe
1cJD4xesEjE-m9PXjIHEt3Kmi3q5f24-P
1iN5O8LzGIYQOeVn0YV8Dxc-vit-h3eWm
1NUR-anvDpVpsWnpLHRnZm4qF_DJI99wr
1ZHFUkg2cLOkNQjSgkrOjNkXjjCrZNERa
1sI7mpaJWF1XC7AyK4T1vIFSu-brKNzM2
1skGadk2f0MGaRe7hMBtbZ9Z1cVzUW1iR
1qEOMr9VYque2pUqpOyohNgmyK_O9OVtT
1eewVDTd3ggw6tdWwI_j2VvdF5mt7MeT5
1GCQYa9ovoXGK3OwUFYfQRorUqmhzYEJn
1-tm43bKdhUZyDJuDTurw3Kv6SbGYt63C
1H-rhLRwSHKlBRpDyhp0i3NJdcEfQ4z0s
1cnDyBsjCaoxLRAMtL7UuSku8lplZxLJh
1QyBAyul_00JTOQ2l8bkJjZAp7Bd211LE
1HFH07cEkDleUyWgI_k7-tOshviwVhGku
1xY_bZDQNyJ25HQpaxGm_UFkE3M3YwF1f
1rs_XyL4Xn4zCHNf-OV1uamZKEydEKakL
1bhlMulZSx8ib3vLPuPOvjLfuXSBFDtdt
1G8mi3ALOAF-EixE_EZPbWdSEA02N5qmJ
1-Ef6xg5VMMxhUSsaHrh_oGC6zp5JYTgk
1-BqVim8oH8Jbhg5XlUT8iiMyElhOnbn2
1_eNquPYAUj0bFPh9VlZFAFQZ7_x5ngbP
1ATDSfsm_IM97zw1KU9TnoDPcMQ_1csl-
1s0qqEZoUCGepjHr6uq4Mgov8MhiRjG1H
1JzFrRppaf96DHpiM4chaUqLI6-5_baWY
1qPU3kHoBo59GulkwEdS9RHAMnaUv4DsH
1invx6R90O1LFWINsQbR2hz6jJx_IsK_3
1dAmJfUxSH-uQoG6etgBrIpMXNDySMNYF
1SPU-V-ASSj9tH9FCBTnmyGrgG115OGHF
1v3hf8E4IdM5FaFRitLIWzPSB9R7hD-Kj
1rBCVCsJO4Pp51vM1C6ZTPfL4FNBYhxZs
1A5xGW0R1uoH-bITe40S2Ff_ApHIBVGBE
1GwTs0ZqftFSXDI-7kMmXd4Dpx51MyD0R
1kEdjvifMVGt_NjOXvXdRTkDJYdakDXC-
1S2Q3X3HUfJdtgz2_NL91K8RYKRccM8E1
1dKhb8rEyAd0HbxGQq72l0M6IaPpuLbO1
1D07AMlQa8U0m21UraQz0kcAkEOkRxKkR
1RalZmlC4OSYYF8cBSW_lTbGVYGzrq8hy
1IzYzDRJk77HU9E4g1PqpZTF6OXKek3OM
1kbDrbFgsf2LSJRvVJ2WGtyhmXTt22f7b
1Ki3T8PJezHIqODWxbLvi82Gzlt9oAVXR
1R94RP7U_dhBdMtOf0UKo9vjU21GdRDsO
1WFqd4dnGQJHei3QECxz44NZf4ZfrI6dh
1pysBBX5EqU5uagUtK5IibTXj0Alh_Idj
1dTfuRnhbtpxcHttoeiaVQY9a4xFNzQaq
1UKNBUVOCrnR9bVfwpdy1sNAN7oufhjQ-
1yMTRYZIgDEltdjx-zxLSsxFFDeIVTxOT
1J-OB3x4C78B5Am4NJAs9d5Ilz8aY3kDF
1s2JU-Uz9-ekEJuxu9jTUrnbCe4kcXxXv
1ZK_xOQGIuxdvaey4ZbEDIQYnljlN8vD6
19OG8dJdRKF4HaGAuflVmqIK7YGkFPwcJ
123yq0skum_RHyW9D86cp_56pbv60e4cg
1JuB0MJ-4SSBHdf2TGjnHUQ-SNK3BTKup
17Vlh-VvSN7CE9y4d3wTuLAJw2y4ITYtL
1weKYaFSKIb3s7TJ0zxXS9bvsy14J7Q61
1SSJxcTdgfrJm6be864wEtQdxyCMH5Lbu
175GPB_03lhUAZ_qzI61Y9AtWi8-Zu2vo
1XsQYifqCjBcnZ0jFryFVRuOaZjOwr_Ne
165vybOLpYND3eb4ZYXfDdTnrBY9_pJSi
1Jo5t9pvK38UAf6wYiBNThSWJOhEfSS2f
1bL2JUqJcE0ELOnTGV3I_FUn3msRFJ6-I
1BoDllchqJzu-Z2njtEfgxddWVkQWXkvQ
177J6JF8p5GBTKUMEBo31oPAn4wEu4WkA
1_xGhgK2jp4cAP2_rdKkfnqDnNiWSsjEG
1Zy8flHbxrX_Ase5vHz2QweGwP01tfocp
1Qlz9_X07XnMmCekbJ0Yg90uNXbiQ7w6L
1baj-cLMgo7KkI1pgiMy2PYh56GSocexO
0B5ajqFwNbdAAQUNlRG9sQkp0RUE
0B5ajqFwNbdAAZURPX2JKenQ2NFk
0B5ajqFwNbdAANi1CeklGY2ZYY2M
0B5ajqFwNbdAAbXRWQjJDOEE3T3M
100DK1SND9kynvjjZsVroC5YrpDK37EVM
1_9SidNf8EMfRVhqVpLo4NlMjLRrldoO1
1_rLt9_miJ-zH6_YxWfX7Z1Tx66qNu09k
1mqpcf1RdAjE5UOiWatD9TGbOLNKVvUQl
1Pu2liyVoUU-btCMvgkI1BXVVsmq6Tf9h
0B5ajqFwNbdAAWGUxWUxlN3h2dnM
1gAux20HUoDQqQXdaUk6dnsb4C2UcDz3k
1eZhOUhCsHzwilhLPtkI9mczWkT1C66qE
1S0Kr790c8DP-8qPzH14oLcge0ccSSXbn
1kWnXHC8v3uGwPdYs-QlNoFcgXXDH87yi
12k5TmSbfYkB83zXCK06_W0VRtU_ZbFF6
1Wfrb-o1qzIMtnc6uDS0ePv8KV0iTnot-
1HoHMJWgOj2W7AVXKa2vi8uX5gCc9Dn48
11EtESMdP-9ghPLuQ4avWmbP-slhZvb44
1qtCt_sCmJ_imconi_jov1aiHRj8NwrMb
1aYOuvLwPufqr9H8A5zNzUGGNWQffGX9B
1JPp-C6SSFrsQ2FPJy8cuJAkxZonHv6Xi
1UNLxygWrystuQrAGRTEiML0vF-DF1yI5
19duOpm-7251TcGxAy31aUES2IpOF2M8V
1kjOgg2u7ATHqOQ30C3qO6T5eKptkY-VW
1DaqO4ZKbOPpXV1dtyN9ogidN1o1KKmej
1HybxoiwWXcCtT6tWOKxTNwVOdXJ0JYrb
1w4xOhaC4kRVhT6t2AIAtdl0NFeaK2yE2
1FfBYebSecccPiu6mJNEm9GvuHE_02eyp
11x97oOp3Cc-MJ3ZZcwbcm6HgzNruDT-V
1junVOQpYywuUZhr-8k9zWpuxzltq08rC
1I6ERGF4vBacHWnt9hW3mDrNEvHJjcu9i
1pka2Xx3BRgyOHSCJIVnIRIErxOqRFL_C
1-N_BWHXTkvImaIk0X-4sKIyIZgn3KEK-
1eGvfuGhZRjoX9AGI7Zbg6WMIvm65sA2t
1m9x3wB5bxRZY7ZhD5zgo_pwseIqaVNBm
17IatLKEYhWThto8H7gkTNJFQlkgfYpm5
1-VpFRADvmJJxpNlTTxBBb1emi1r0F21j
1cDIHnNnB4fr44-ePqM7y4VJcUyzkTkN-
15mcQJxfQTqdjsre3jD1Cj6C8tYNnbSpt
14g0q0SUZkwSqqWuQ0S8pf783i4aTkNoF
1gpXauY30AahkWdpoi1CgWXkva8oqOh_E
1Mx4Gb-ttOpCcAOYWnTVCpODXMgVNszld
1i-EYlcueOVSRCnRnG-Z_JOc9aZDPNEqu
1lwg0YlQ3D6zyxN1iomvwe_dheQeKLvcL
1QrbhH4WADO8o6sKczECbpI5mrw872Dmf
1RPnkwdvMFVVp5POXkPeAkBuO4pdQeGuQ
1tzIvdRllB3SxHVcVUkzAdWYMx-9JhyQB
1D7zt5IL6FBv22kp5TD7QhuWYHhjBarYA
1uvd-BAmW-31w908BqExuftkCfAzNcwZa
1Cppe80ukjTIJ4AiUkvJA1tGLYaSPVAlI
1k8BgzgPzDGoTu4MHHZsW9yDjMlS_XW-N
1LEbbnn1Ek6pnlj7v3gg5NLEc2ENE71yx
1JSVdINckVRV5jggHRcTj5ZMeL08yMLpV
19bNIpUX7epWrxrD1OaPdcTYnDOLjE1O8
1b1FeJgl14gomq1FwtucoCiwyMkq2fF3r
1SVQW-uY4f-HpH6Q30VvlBb-N8S2ZngGT
1P1tmRj6Z6GoOV03prXfr-sc2Xs_Kerve
1pKdIL8zBt146cQf8pRMg1_NKw7bUTZgO
16v5oKImX72klAadVZklBO8NDmKqLerIe
1jfMiOGGQq2mJx9i34-hx5eCRM6fvaZ98
1gfq1sLKNtvCiv5OBr7xe-rEksnUtAnuy
1YGhyI5wDiCPcfazSh6TAD_dUj_ISWslS
1rLeiVxSevE19WxOh5w0x1BjY2k_VSvL3
13RT2gyjdg26PSoeb2qj1Lk9fxX-TBvf2
1MpPyI0ewLWUWOM3jWiiShWB-kZn4FfSR
1-1X4daqk-fxNC5lNOfTGyadAPAKMUZCq
1-obP_mIgW5jvzoP02POR-Hd2QKSzJf7j
1nOfOSq7SpQCD6fdeqIrSEFUtwnE7-ljm
1XK5o3MtKlkF5jMpn-29MjFy8t9R5yucx
1cZrbFS0_k3zy91-AxOD8NN96OCzQ-FHh
17UiEFf6xo7qokepPcpq4z_rWYNSl_lOA
198vPlonWhlIiqRE7acJgI_NFq79p0X5z
1NQ-C-JuNmYyt2DJl9rBruS1RBIIUivZa
1r69ZuEB7Cd4MCgl7iGf0WZ7e8vKdvxXZ
1caGYCKGmCPT64_e1rrI-TMwSVp5r3Vgm
1PGPhbPQF4jNj7MFViyEf9cN3qYVQma5a
1QC-u4Pg625DqE3v7jFbisGnHXg3rOpXp
1Mt4-kN8JxVRDtuXmsjRz5VAfUIlsH_Gw
1ayRAvcJ5UoDdI_3DMefQ38CXV0TIU-wj
1qZbx8fE-psVRLBEYvDZtHjqlrqQHjO-F
1keTA7wmgd2AgXgJel0cqNhW73Y_M-deo
1o9tNH1EVn-aOQtYKhqO3HJUsJAsUbW7j
17l7EQSAIfBbHoJP5OAPc54mnGZJTjkfH
1Y1abRBsHvX8mY3tPcCtekUMPSUFFmYe9
10dRYgFwi0YkFfoXum6KLPilEBikZzKzD
11_x91SKjSEsDDXoj0sB7MjKz3kowM8DQ
0B5ajqFwNbdAAelcxQTUzazVFSjA
1bhBtHNLYR9VXoqzkgdoMNvbh_JlKA1pe
1JMecQXnxV8k0v2KxjMGH4a41n5xUQG2y
1Lf73QusRPnk7dWoU_G_K6SyS5RL89370
1dMpMHBULQ57_jHtpBGCL-_2l1us7oRA-
0B5ajqFwNbdAAOVU3WHhFQmlVZGs
1ej3N_oiIcXlNuEujmDVtRWB-67WIMgy_
1ix-7UzZCsHOLTCDLdKug6k6W-RWO7Nfa
1X3QXfHaUxu3fquBzWJNPcQEEzmH_yLMq
1XJHprV1zs6qvVvcq3pjzaUecUYjey8eY
0B5ajqFwNbdAARG5pak9DVGhzWjQ
0B5ajqFwNbdAAZ0lGanJ3UTdhems
0B5ajqFwNbdAAM0dPTnk4ZmlPTnc
0B5ajqFwNbdAAd1RoSFY1dGxCQ1k
0B5ajqFwNbdAAWmZOMDhKeTY0VzA
0B5ajqFwNbdAAdklnSVlCa0lxTFE
0B5ajqFwNbdAAc0ZLd2JiYVRzbVk
0B5ajqFwNbdAAVWZUaG1SXzVVNDQ
0B5ajqFwNbdAAdGNSZHRWVkc4TDg
0B5ajqFwNbdAAVjZYcEVxYTZxMGc
0B5ajqFwNbdAAYVN0NUFKb1A4Mlk
0B5ajqFwNbdAARXJnUlFkMWxTSDA
0B5ajqFwNbdAAMGxIU3lBQ0IzTjg
0B5ajqFwNbdAASDFfUV9XTEU0MjQ
0B5ajqFwNbdAAQncwRGNFNHVzOVk
0B5ajqFwNbdAAcjhkSmZaZ0xGZDA
0B5ajqFwNbdAAZWtGeGZ5MUQzRE0
0B5ajqFwNbdAAb2dPN2xtLWwxcWs
0B5ajqFwNbdAANUZxN1ljS3U2ekE
0B5ajqFwNbdAAUkp6djU0b2FraHM
0B5ajqFwNbdAAM2IxamRUblkzY3M
0B5ajqFwNbdAAS3h1VURBV295Q1E
0B5ajqFwNbdAARFdKUWV2MFlHbTA
0B5ajqFwNbdAAMXNhNGVOZklKMGc
0B5ajqFwNbdAAVTVPb2p6cV9pSU0
0B5ajqFwNbdAAQXlGQTZ1Z0xnN1E
0B5ajqFwNbdAAU3NTMEpoNTdWUUk
0B5ajqFwNbdAAaUxtV05VeXBLaU0
0B5ajqFwNbdAAVm9YMkJTRE9iN2M
0B5ajqFwNbdAATWlxaDl5T08zTFU
0B5ajqFwNbdAAT3VrbE5weDlIY3M
0B5ajqFwNbdAAb3hLNnhGVzVnMDA
0B5ajqFwNbdAAa1dyajBXbzRTdjA
0B5ajqFwNbdAAVTdBUnJxazVvZFk
0B5ajqFwNbdAAVlgtajZPdFczRFk
0B5ajqFwNbdAAQ1ZzTXZFSnBnN0U
0B5ajqFwNbdAAR3FKdU4wT0JRNE0
0B5ajqFwNbdAAdUlIZ3lrV1FZUFE
0B5ajqFwNbdAAdUxhVExUZWFySTg
0B5ajqFwNbdAAOEwwYnFoWHh2N1U
0B5ajqFwNbdAAaXk1VTNYeHE1RUU
0B5ajqFwNbdAAZV9JVU44LXBtSm8
0B5ajqFwNbdAAYzFob0RBMkQ2WVk
0B5ajqFwNbdAAaE5wQjBoVWlKZmc
0B5ajqFwNbdAAYl9hQ2w5YWhQUXc
0B5ajqFwNbdAATk9WR2V2V0RvR1U
0B5ajqFwNbdAAakNpdGRBWURuelk
0B5ajqFwNbdAAX0dNaGxlTU51TnM
0B5ajqFwNbdAAMFMyVlIxTE1TZkE
0B5ajqFwNbdAASWxnakVYNmRVQkU
0B5ajqFwNbdAATkE5Z1FLSS1Ebmc
0B5ajqFwNbdAAX09LdUdWVjYzMjQ
0B5ajqFwNbdAAdHNmaHZ3UEpzMUE
0B5ajqFwNbdAAd3JCdVk3cXRVZTQ
0B5ajqFwNbdAAazFiU1p4azZiTWc
0B5ajqFwNbdAAR1MzSGlXSnpVM1k
0B5ajqFwNbdAAYWhqcHZocTRBZGM
